drwx------              6 2021/06/10 13:55:28 .
normalize features
load year 2016
load year 2017
load data
Processing...
/scratch/data/preprocessed/1H/none_dummy_radars=0_exclude=[]/radar/fall/2016
number of nans:  870
max bird measurement 9938497.9440479
Use other edge type
input col birds_km2
55990 870
birds_km2
bird scale = 293.01498
/home/flippert/.conda/envs/birds/lib/python3.9/site-packages/birds-0.1.0-py3.9.egg/birds/dataloader.py:509: RuntimeWarning: invalid value encountered in true_divide
  edge_weights = np.exp(-np.square(distances) / np.square(np.std(distances)))
number of sequences = 104
discarded 0 sequences due to missing data
Done!
Processing...
/scratch/data/preprocessed/1H/none_dummy_radars=0_exclude=[]/radar/fall/2017
number of nans:  8169
max bird measurement 9580697.41157437
Use other edge type
input col birds_km2
55990 8169
birds_km2
bird scale = 293.01498
number of sequences = 81
discarded 23 sequences due to missing data
Done!
