drwx------             10 2021/06/24 11:21:58 .
parallel: Error: Parsing of --jobs/-j/--max-procs/-P failed.
Usage:

parallel [options] [command [arguments]] < list_of_arguments
parallel [options] [command [arguments]] (::: arguments|:::: argfile(s))...
cat ... | parallel --pipe [options] [command [arguments]]

-j n            Run n jobs in parallel
-k              Keep same order
-X              Multiple arguments with context replace
--colsep regexp Split input on regexp for positional replacements
{} {.} {/} {/.} {#} {%} {= perl code =} Replacement strings
{3} {3.} {3/} {3/.} {=3 perl code =}    Positional replacement strings
With --plus:    {} = {+/}/{/} = {.}.{+.} = {+/}/{/.}.{+.} = {..}.{+..} =
                {+/}/{/..}.{+..} = {...}.{+...} = {+/}/{/...}.{+...}

-S sshlogin     Example: foo@server.example.com
--slf ..        Use ~/.parallel/sshloginfile as the list of sshlogins
--trc {}.bar    Shorthand for --transfer --return {}.bar --cleanup
--onall         Run the given command with argument on all sshlogins
--nonall        Run the given command with no arguments on all sshlogins

--pipe          Split stdin (standard input) to multiple jobs.
--recend str    Record end separator for --pipe.
--recstart str  Record start separator for --pipe.

See 'man parallel' for details

Academic tradition requires you to cite works you base your article on.
If you use programs that use GNU Parallel to process data for an article in a
scientific publication, please cite:

  Tange, O. (2020, May 22). GNU Parallel 20200522 ('Kraftwerk').
  Zenodo. https://doi.org/10.5281/zenodo.3841377

This helps funding further development; AND IT WON'T COST YOU A CENT.
If you pay 10000 EUR you should feel free to use GNU Parallel without citing.

