drwx------             10 2021/06/24 01:29:00 .
Could not override 'job_id'.
To append to your config use +job_id=0
Key 'job_id' is not in struct
	full_key: job_id
	reference_type=Optional[Dict[Union[str, Enum], Any]]
	object_type=dict

Set the environment variable HYDRA_FULL_ERROR=1 for a complete stack trace.
Could not override 'job_id'.
To append to your config use +job_id=0
Key 'job_id' is not in struct
	full_key: job_id
	reference_type=Optional[Dict[Union[str, Enum], Any]]
	object_type=dict

Set the environment variable HYDRA_FULL_ERROR=1 for a complete stack trace.
Could not override 'job_id'.
To append to your config use +job_id=0
Key 'job_id' is not in struct
	full_key: job_id
	reference_type=Optional[Dict[Union[str, Enum], Any]]
	object_type=dict

Set the environment variable HYDRA_FULL_ERROR=1 for a complete stack trace.
Could not override 'job_id'.
To append to your config use +job_id=0
Key 'job_id' is not in struct
	full_key: job_id
	reference_type=Optional[Dict[Union[str, Enum], Any]]
	object_type=dict

Set the environment variable HYDRA_FULL_ERROR=1 for a complete stack trace.
srun: error: r30n7: tasks 1-3: Exited with exit code 1
srun: error: r30n7: task 0: Exited with exit code 1
srun: Job 7789150 step creation temporarily disabled, retrying (Requested nodes are busy)
srun: Step created for job 7789150
Could not override 'job_id'.
To append to your config use +job_id=1
Key 'job_id' is not in struct
	full_key: job_id
	reference_type=Optional[Dict[Union[str, Enum], Any]]
	object_type=dict

Set the environment variable HYDRA_FULL_ERROR=1 for a complete stack trace.
Could not override 'job_id'.
To append to your config use +job_id=1
Key 'job_id' is not in struct
	full_key: job_id
	reference_type=Optional[Dict[Union[str, Enum], Any]]
	object_type=dict

Set the environment variable HYDRA_FULL_ERROR=1 for a complete stack trace.
Could not override 'job_id'.
To append to your config use +job_id=1
Key 'job_id' is not in struct
	full_key: job_id
	reference_type=Optional[Dict[Union[str, Enum], Any]]
	object_type=dict

Set the environment variable HYDRA_FULL_ERROR=1 for a complete stack trace.
Could not override 'job_id'.
To append to your config use +job_id=1
Key 'job_id' is not in struct
	full_key: job_id
	reference_type=Optional[Dict[Union[str, Enum], Any]]
	object_type=dict

Set the environment variable HYDRA_FULL_ERROR=1 for a complete stack trace.
srun: error: r30n7: tasks 1-3: Exited with exit code 1
srun: error: r30n7: task 0: Exited with exit code 1
srun: Job 7789150 step creation temporarily disabled, retrying (Requested nodes are busy)
srun: Job 7789150 step creation still disabled, retrying (Requested nodes are busy)
srun: Step created for job 7789150
Could not override 'job_id'.
To append to your config use +job_id=2
Key 'job_id' is not in struct
	full_key: job_id
	reference_type=Optional[Dict[Union[str, Enum], Any]]
	object_type=dict

Set the environment variable HYDRA_FULL_ERROR=1 for a complete stack trace.
Could not override 'job_id'.
To append to your config use +job_id=2
Key 'job_id' is not in struct
	full_key: job_id
	reference_type=Optional[Dict[Union[str, Enum], Any]]
	object_type=dict

Set the environment variable HYDRA_FULL_ERROR=1 for a complete stack trace.
Could not override 'job_id'.
To append to your config use +job_id=2
Key 'job_id' is not in struct
	full_key: job_id
	reference_type=Optional[Dict[Union[str, Enum], Any]]
	object_type=dict

Set the environment variable HYDRA_FULL_ERROR=1 for a complete stack trace.
Could not override 'job_id'.
To append to your config use +job_id=2
Key 'job_id' is not in struct
	full_key: job_id
	reference_type=Optional[Dict[Union[str, Enum], Any]]
	object_type=dict

Set the environment variable HYDRA_FULL_ERROR=1 for a complete stack trace.
srun: error: r30n7: tasks 1-3: Exited with exit code 1
srun: error: r30n7: task 0: Exited with exit code 1
srun: Job 7789150 step creation temporarily disabled, retrying (Requested nodes are busy)
srun: Job 7789150 step creation still disabled, retrying (Requested nodes are busy)
srun: Job 7789150 step creation still disabled, retrying (Requested nodes are busy)
srun: Step created for job 7789150
Could not override 'job_id'.
To append to your config use +job_id=3
Key 'job_id' is not in struct
	full_key: job_id
	reference_type=Optional[Dict[Union[str, Enum], Any]]
	object_type=dict

Set the environment variable HYDRA_FULL_ERROR=1 for a complete stack trace.
Could not override 'job_id'.
To append to your config use +job_id=3
Key 'job_id' is not in struct
	full_key: job_id
	reference_type=Optional[Dict[Union[str, Enum], Any]]
	object_type=dict

Set the environment variable HYDRA_FULL_ERROR=1 for a complete stack trace.
Could not override 'job_id'.
To append to your config use +job_id=3
Key 'job_id' is not in struct
	full_key: job_id
	reference_type=Optional[Dict[Union[str, Enum], Any]]
	object_type=dict

Set the environment variable HYDRA_FULL_ERROR=1 for a complete stack trace.
Could not override 'job_id'.
To append to your config use +job_id=3
Key 'job_id' is not in struct
	full_key: job_id
	reference_type=Optional[Dict[Union[str, Enum], Any]]
	object_type=dict

Set the environment variable HYDRA_FULL_ERROR=1 for a complete stack trace.
srun: error: r30n7: tasks 1-3: Exited with exit code 1
srun: error: r30n7: task 0: Exited with exit code 1
