normalize features
load training data
Processing...
/scratch/data/preprocessed/1H/voronoi_dummy_radars=0_exclude=[]/radar/fall/2016
number of nans:  870
max bird measurement 9938497.9440479
Use Voronoi tessellation
input col birds_from_buffer
55990 870
birds_from_buffer
bird scale = 9938497.9440479
compute fluxes
/home/flippert/.conda/envs/birds/lib/python3.9/site-packages/birds-0.1.0-py3.9.egg/birds/dataloader.py:475: RuntimeWarning: invalid value encountered in remainder
  dd_interp = ((dd_i + 360) % 360 + (dd_j + 360) % 360) / 2
/home/flippert/.conda/envs/birds/lib/python3.9/site-packages/birds-0.1.0-py3.9.egg/birds/dataloader.py:490: RuntimeWarning: invalid value encountered in remainder
  data['direction'] = (data['direction'] + 360) % 360
number of sequences = 104
discarded 0 sequences due to missing data
Done!
Processing...
/scratch/data/preprocessed/1H/voronoi_dummy_radars=0_exclude=[]/radar/fall/2017
number of nans:  8169
max bird measurement 9580697.41157437
Use Voronoi tessellation
input col birds_from_buffer
55990 8169
birds_from_buffer
bird scale = 9938497.9440479
compute fluxes
number of sequences = 81
discarded 23 sequences due to missing data
Done!
training set size = 185
loaded training data
load val data
Processing...
/scratch/data/preprocessed/1H/voronoi_dummy_radars=0_exclude=[]/radar/fall/2015
number of nans:  228
max bird measurement 12157881.069388226
Use Voronoi tessellation
input col birds_from_buffer
55990 228
birds_from_buffer
bird scale = 9938497.9440479
compute fluxes
number of sequences = 104
discarded 0 sequences due to missing data
Done!
loaded val data
----------------------------------------
hyperparameter settings: {'n_hidden': 64, 'n_fc_layers': 2, 'n_fc_layers_fluxmlp': 2, 'n_hidden_fluxmlp': 64, 'n_lstm_layers': 1, 'dropout_p': 0.25, 'lr': 0.0001, 'lr_decay': 100, 'teacher_forcing_gamma': 0.95, 'conservation_constraint': 0.1}
train model [trial 0]
['u', 'v', 'cc', 'tp', 'sp', 't2m', 'sshf']
model on GPU? True
inferred fluxes shape torch.Size([100, 40])
inferred fluxes shape torch.Size([100, 40])
inferred fluxes shape torch.Size([100, 40])
inferred fluxes shape torch.Size([100, 40])
inferred fluxes shape torch.Size([100, 40])
inferred fluxes shape torch.Size([100, 40])
inferred fluxes shape torch.Size([100, 40])
inferred fluxes shape torch.Size([100, 40])
inferred fluxes shape torch.Size([100, 40])
inferred fluxes shape torch.Size([100, 40])
inferred fluxes shape torch.Size([100, 40])
inferred fluxes shape torch.Size([100, 40])
inferred fluxes shape torch.Size([100, 40])
inferred fluxes shape torch.Size([100, 40])
inferred fluxes shape torch.Size([100, 40])
inferred fluxes shape torch.Size([100, 40])
inferred fluxes shape torch.Size([100, 40])
inferred fluxes shape torch.Size([100, 40])
inferred fluxes shape torch.Size([100, 40])
inferred fluxes shape torch.Size([100, 40])
inferred fluxes shape torch.Size([100, 40])
inferred fluxes shape torch.Size([100, 40])
inferred fluxes shape torch.Size([100, 40])
inferred fluxes shape torch.Size([100, 40])
inferred fluxes shape torch.Size([100, 40])
inferred fluxes shape torch.Size([100, 40])
inferred fluxes shape torch.Size([100, 40])
inferred fluxes shape torch.Size([100, 40])
inferred fluxes shape torch.Size([100, 40])
inferred fluxes shape torch.Size([100, 40])
inferred fluxes shape torch.Size([100, 40])
inferred fluxes shape torch.Size([100, 40])
inferred fluxes shape torch.Size([100, 40])
inferred fluxes shape torch.Size([100, 40])
inferred fluxes shape torch.Size([100, 40])
inferred fluxes shape torch.Size([100, 40])
inferred fluxes shape torch.Size([100, 40])
inferred fluxes shape torch.Size([100, 40])
inferred fluxes shape torch.Size([100, 40])
inferred fluxes shape torch.Size([100, 40])
inferred fluxes shape torch.Size([100, 40])
inferred fluxes shape torch.Size([100, 40])
inferred fluxes shape torch.Size([100, 40])
inferred fluxes shape torch.Size([100, 40])
inferred fluxes shape torch.Size([100, 40])
inferred fluxes shape torch.Size([100, 40])
inferred fluxes shape torch.Size([100, 40])
inferred fluxes shape torch.Size([100, 40])
inferred fluxes shape torch.Size([100, 40])
inferred fluxes shape torch.Size([100, 40])
inferred fluxes shape torch.Size([100, 40])
inferred fluxes shape torch.Size([100, 40])
inferred fluxes shape torch.Size([100, 40])
inferred fluxes shape torch.Size([100, 40])
inferred fluxes shape torch.Size([100, 40])
inferred fluxes shape torch.Size([100, 40])
inferred fluxes shape torch.Size([100, 40])
inferred fluxes shape torch.Size([100, 40])
inferred fluxes shape torch.Size([100, 40])
inferred fluxes shape torch.Size([100, 40])
inferred fluxes shape torch.Size([100, 40])
inferred fluxes shape torch.Size([100, 40])
inferred fluxes shape torch.Size([100, 40])
inferred fluxes shape torch.Size([100, 40])
inferred fluxes shape torch.Size([100, 40])
inferred fluxes shape torch.Size([100, 40])
inferred fluxes shape torch.Size([100, 40])
inferred fluxes shape torch.Size([100, 40])
inferred fluxes shape torch.Size([100, 40])
inferred fluxes shape torch.Size([100, 40])
inferred fluxes shape torch.Size([100, 40])
inferred fluxes shape torch.Size([100, 40])
inferred fluxes shape torch.Size([100, 40])
inferred fluxes shape torch.Size([100, 40])
inferred fluxes shape torch.Size([100, 40])
inferred fluxes shape torch.Size([100, 40])
inferred fluxes shape torch.Size([100, 40])
inferred fluxes shape torch.Size([100, 40])
inferred fluxes shape torch.Size([100, 40])
inferred fluxes shape torch.Size([100, 40])
inferred fluxes shape torch.Size([100, 40])
inferred fluxes shape torch.Size([100, 40])
inferred fluxes shape torch.Size([100, 40])
inferred fluxes shape torch.Size([100, 40])
inferred fluxes shape torch.Size([100, 40])
inferred fluxes shape torch.Size([100, 40])
inferred fluxes shape torch.Size([100, 40])
inferred fluxes shape torch.Size([100, 40])
inferred fluxes shape torch.Size([100, 40])
inferred fluxes shape torch.Size([100, 40])
inferred fluxes shape torch.Size([100, 40])
inferred fluxes shape torch.Size([100, 40])
inferred fluxes shape torch.Size([100, 40])
inferred fluxes shape torch.Size([100, 40])
inferred fluxes shape torch.Size([100, 40])
inferred fluxes shape torch.Size([100, 40])
inferred fluxes shape torch.Size([100, 40])
inferred fluxes shape torch.Size([100, 40])
inferred fluxes shape torch.Size([100, 40])
inferred fluxes shape torch.Size([100, 40])
inferred fluxes shape torch.Size([100, 40])
inferred fluxes shape torch.Size([100, 40])
inferred fluxes shape torch.Size([100, 40])
inferred fluxes shape torch.Size([100, 40])
inferred fluxes shape torch.Size([100, 40])
inferred fluxes shape torch.Size([100, 40])
inferred fluxes shape torch.Size([100, 40])
inferred fluxes shape torch.Size([100, 40])
inferred fluxes shape torch.Size([100, 40])
inferred fluxes shape torch.Size([100, 40])
inferred fluxes shape torch.Size([100, 40])
inferred fluxes shape torch.Size([100, 40])
inferred fluxes shape torch.Size([100, 40])
inferred fluxes shape torch.Size([100, 40])
inferred fluxes shape torch.Size([100, 40])
inferred fluxes shape torch.Size([100, 40])
inferred fluxes shape torch.Size([100, 40])
inferred fluxes shape torch.Size([100, 40])
inferred fluxes shape torch.Size([100, 40])
inferred fluxes shape torch.Size([100, 40])
inferred fluxes shape torch.Size([100, 40])
inferred fluxes shape torch.Size([100, 40])
inferred fluxes shape torch.Size([100, 40])
inferred fluxes shape torch.Size([100, 40])
inferred fluxes shape torch.Size([100, 40])
inferred fluxes shape torch.Size([100, 40])
inferred fluxes shape torch.Size([100, 40])
inferred fluxes shape torch.Size([100, 40])
inferred fluxes shape torch.Size([100, 40])
inferred fluxes shape torch.Size([100, 40])
inferred fluxes shape torch.Size([100, 40])
inferred fluxes shape torch.Size([100, 40])
inferred fluxes shape torch.Size([100, 40])
inferred fluxes shape torch.Size([100, 40])
inferred fluxes shape torch.Size([100, 40])
inferred fluxes shape torch.Size([100, 40])
inferred fluxes shape torch.Size([100, 40])
inferred fluxes shape torch.Size([100, 40])
inferred fluxes shape torch.Size([100, 40])
inferred fluxes shape torch.Size([100, 40])
inferred fluxes shape torch.Size([100, 40])
inferred fluxes shape torch.Size([100, 40])
inferred fluxes shape torch.Size([100, 40])
inferred fluxes shape torch.Size([100, 40])
inferred fluxes shape torch.Size([100, 40])
inferred fluxes shape torch.Size([100, 40])
inferred fluxes shape torch.Size([100, 40])
inferred fluxes shape torch.Size([100, 40])
inferred fluxes shape torch.Size([100, 40])
inferred fluxes shape torch.Size([100, 40])
inferred fluxes shape torch.Size([100, 40])
inferred fluxes shape torch.Size([100, 40])
inferred fluxes shape torch.Size([100, 40])
inferred fluxes shape torch.Size([100, 40])
inferred fluxes shape torch.Size([100, 40])
inferred fluxes shape torch.Size([100, 40])
inferred fluxes shape torch.Size([100, 40])
inferred fluxes shape torch.Size([100, 40])
inferred fluxes shape torch.Size([100, 40])
inferred fluxes shape torch.Size([100, 40])
inferred fluxes shape torch.Size([100, 40])
inferred fluxes shape torch.Size([100, 40])
inferred fluxes shape torch.Size([100, 40])
inferred fluxes shape torch.Size([100, 40])
inferred fluxes shape torch.Size([100, 40])
inferred fluxes shape torch.Size([100, 40])
inferred fluxes shape torch.Size([100, 40])
inferred fluxes shape torch.Size([100, 40])
inferred fluxes shape torch.Size([100, 40])
inferred fluxes shape torch.Size([100, 40])
inferred fluxes shape torch.Size([100, 40])
inferred fluxes shape torch.Size([100, 40])
inferred fluxes shape torch.Size([100, 40])
inferred fluxes shape torch.Size([100, 40])
inferred fluxes shape torch.Size([100, 40])
inferred fluxes shape torch.Size([100, 40])
inferred fluxes shape torch.Size([100, 40])
inferred fluxes shape torch.Size([100, 40])
inferred fluxes shape torch.Size([100, 40])
inferred fluxes shape torch.Size([100, 40])
inferred fluxes shape torch.Size([100, 40])
inferred fluxes shape torch.Size([100, 40])
inferred fluxes shape torch.Size([100, 40])
inferred fluxes shape torch.Size([100, 40])
inferred fluxes shape torch.Size([100, 40])
epoch 1: loss = 0.12124131487028018
epoch 1: val loss = 0.012306397780776024
best model so far; save to disk ...
model on GPU? True
inferred fluxes shape torch.Size([100, 40])
inferred fluxes shape torch.Size([100, 40])
inferred fluxes shape torch.Size([100, 40])
inferred fluxes shape torch.Size([100, 40])
inferred fluxes shape torch.Size([100, 40])
inferred fluxes shape torch.Size([100, 40])
inferred fluxes shape torch.Size([100, 40])
inferred fluxes shape torch.Size([100, 40])
inferred fluxes shape torch.Size([100, 40])
inferred fluxes shape torch.Size([100, 40])
inferred fluxes shape torch.Size([100, 40])
inferred fluxes shape torch.Size([100, 40])
inferred fluxes shape torch.Size([100, 40])
inferred fluxes shape torch.Size([100, 40])
inferred fluxes shape torch.Size([100, 40])
inferred fluxes shape torch.Size([100, 40])
inferred fluxes shape torch.Size([100, 40])
inferred fluxes shape torch.Size([100, 40])
inferred fluxes shape torch.Size([100, 40])
inferred fluxes shape torch.Size([100, 40])
inferred fluxes shape torch.Size([100, 40])
inferred fluxes shape torch.Size([100, 40])
inferred fluxes shape torch.Size([100, 40])
inferred fluxes shape torch.Size([100, 40])
inferred fluxes shape torch.Size([100, 40])
inferred fluxes shape torch.Size([100, 40])
inferred fluxes shape torch.Size([100, 40])
inferred fluxes shape torch.Size([100, 40])
inferred fluxes shape torch.Size([100, 40])
inferred fluxes shape torch.Size([100, 40])
inferred fluxes shape torch.Size([100, 40])
inferred fluxes shape torch.Size([100, 40])
inferred fluxes shape torch.Size([100, 40])
inferred fluxes shape torch.Size([100, 40])
inferred fluxes shape torch.Size([100, 40])
inferred fluxes shape torch.Size([100, 40])
inferred fluxes shape torch.Size([100, 40])
inferred fluxes shape torch.Size([100, 40])
inferred fluxes shape torch.Size([100, 40])
inferred fluxes shape torch.Size([100, 40])
inferred fluxes shape torch.Size([100, 40])
inferred fluxes shape torch.Size([100, 40])
inferred fluxes shape torch.Size([100, 40])
inferred fluxes shape torch.Size([100, 40])
inferred fluxes shape torch.Size([100, 40])
inferred fluxes shape torch.Size([100, 40])
inferred fluxes shape torch.Size([100, 40])
inferred fluxes shape torch.Size([100, 40])
inferred fluxes shape torch.Size([100, 40])
inferred fluxes shape torch.Size([100, 40])
inferred fluxes shape torch.Size([100, 40])
inferred fluxes shape torch.Size([100, 40])
inferred fluxes shape torch.Size([100, 40])
inferred fluxes shape torch.Size([100, 40])
inferred fluxes shape torch.Size([100, 40])
inferred fluxes shape torch.Size([100, 40])
inferred fluxes shape torch.Size([100, 40])
inferred fluxes shape torch.Size([100, 40])
inferred fluxes shape torch.Size([100, 40])
inferred fluxes shape torch.Size([100, 40])
inferred fluxes shape torch.Size([100, 40])
inferred fluxes shape torch.Size([100, 40])
inferred fluxes shape torch.Size([100, 40])
inferred fluxes shape torch.Size([100, 40])
inferred fluxes shape torch.Size([100, 40])
inferred fluxes shape torch.Size([100, 40])
inferred fluxes shape torch.Size([100, 40])
inferred fluxes shape torch.Size([100, 40])
inferred fluxes shape torch.Size([100, 40])
inferred fluxes shape torch.Size([100, 40])
inferred fluxes shape torch.Size([100, 40])
inferred fluxes shape torch.Size([100, 40])
inferred fluxes shape torch.Size([100, 40])
inferred fluxes shape torch.Size([100, 40])
inferred fluxes shape torch.Size([100, 40])
inferred fluxes shape torch.Size([100, 40])
inferred fluxes shape torch.Size([100, 40])
inferred fluxes shape torch.Size([100, 40])
inferred fluxes shape torch.Size([100, 40])
inferred fluxes shape torch.Size([100, 40])
inferred fluxes shape torch.Size([100, 40])
inferred fluxes shape torch.Size([100, 40])
inferred fluxes shape torch.Size([100, 40])
inferred fluxes shape torch.Size([100, 40])
inferred fluxes shape torch.Size([100, 40])
inferred fluxes shape torch.Size([100, 40])
inferred fluxes shape torch.Size([100, 40])
inferred fluxes shape torch.Size([100, 40])
inferred fluxes shape torch.Size([100, 40])
inferred fluxes shape torch.Size([100, 40])
inferred fluxes shape torch.Size([100, 40])
inferred fluxes shape torch.Size([100, 40])
inferred fluxes shape torch.Size([100, 40])
inferred fluxes shape torch.Size([100, 40])
inferred fluxes shape torch.Size([100, 40])
inferred fluxes shape torch.Size([100, 40])
inferred fluxes shape torch.Size([100, 40])
inferred fluxes shape torch.Size([100, 40])
inferred fluxes shape torch.Size([100, 40])
inferred fluxes shape torch.Size([100, 40])
inferred fluxes shape torch.Size([100, 40])
inferred fluxes shape torch.Size([100, 40])
inferred fluxes shape torch.Size([100, 40])
inferred fluxes shape torch.Size([100, 40])
inferred fluxes shape torch.Size([100, 40])
inferred fluxes shape torch.Size([100, 40])
inferred fluxes shape torch.Size([100, 40])
inferred fluxes shape torch.Size([100, 40])
inferred fluxes shape torch.Size([100, 40])
inferred fluxes shape torch.Size([100, 40])
inferred fluxes shape torch.Size([100, 40])
inferred fluxes shape torch.Size([100, 40])
inferred fluxes shape torch.Size([100, 40])
inferred fluxes shape torch.Size([100, 40])
inferred fluxes shape torch.Size([100, 40])
inferred fluxes shape torch.Size([100, 40])
inferred fluxes shape torch.Size([100, 40])
inferred fluxes shape torch.Size([100, 40])
inferred fluxes shape torch.Size([100, 40])
inferred fluxes shape torch.Size([100, 40])
inferred fluxes shape torch.Size([100, 40])
inferred fluxes shape torch.Size([100, 40])
inferred fluxes shape torch.Size([100, 40])
inferred fluxes shape torch.Size([100, 40])
inferred fluxes shape torch.Size([100, 40])
inferred fluxes shape torch.Size([100, 40])
inferred fluxes shape torch.Size([100, 40])
inferred fluxes shape torch.Size([100, 40])
inferred fluxes shape torch.Size([100, 40])
inferred fluxes shape torch.Size([100, 40])
inferred fluxes shape torch.Size([100, 40])
inferred fluxes shape torch.Size([100, 40])
inferred fluxes shape torch.Size([100, 40])
inferred fluxes shape torch.Size([100, 40])
inferred fluxes shape torch.Size([100, 40])
inferred fluxes shape torch.Size([100, 40])
inferred fluxes shape torch.Size([100, 40])
inferred fluxes shape torch.Size([100, 40])
inferred fluxes shape torch.Size([100, 40])
inferred fluxes shape torch.Size([100, 40])
inferred fluxes shape torch.Size([100, 40])
inferred fluxes shape torch.Size([100, 40])
inferred fluxes shape torch.Size([100, 40])
inferred fluxes shape torch.Size([100, 40])
inferred fluxes shape torch.Size([100, 40])
inferred fluxes shape torch.Size([100, 40])
inferred fluxes shape torch.Size([100, 40])
inferred fluxes shape torch.Size([100, 40])
inferred fluxes shape torch.Size([100, 40])
inferred fluxes shape torch.Size([100, 40])
inferred fluxes shape torch.Size([100, 40])
inferred fluxes shape torch.Size([100, 40])
inferred fluxes shape torch.Size([100, 40])
inferred fluxes shape torch.Size([100, 40])
inferred fluxes shape torch.Size([100, 40])
inferred fluxes shape torch.Size([100, 40])
inferred fluxes shape torch.Size([100, 40])
inferred fluxes shape torch.Size([100, 40])
inferred fluxes shape torch.Size([100, 40])
inferred fluxes shape torch.Size([100, 40])
inferred fluxes shape torch.Size([100, 40])
inferred fluxes shape torch.Size([100, 40])
inferred fluxes shape torch.Size([100, 40])
inferred fluxes shape torch.Size([100, 40])
inferred fluxes shape torch.Size([100, 40])
inferred fluxes shape torch.Size([100, 40])
inferred fluxes shape torch.Size([100, 40])
inferred fluxes shape torch.Size([100, 40])
inferred fluxes shape torch.Size([100, 40])
inferred fluxes shape torch.Size([100, 40])
inferred fluxes shape torch.Size([100, 40])
inferred fluxes shape torch.Size([100, 40])
inferred fluxes shape torch.Size([100, 40])
inferred fluxes shape torch.Size([100, 40])
inferred fluxes shape torch.Size([100, 40])
inferred fluxes shape torch.Size([100, 40])
inferred fluxes shape torch.Size([100, 40])
inferred fluxes shape torch.Size([100, 40])
inferred fluxes shape torch.Size([100, 40])
inferred fluxes shape torch.Size([100, 40])
inferred fluxes shape torch.Size([100, 40])
inferred fluxes shape torch.Size([100, 40])
inferred fluxes shape torch.Size([100, 40])
inferred fluxes shape torch.Size([100, 40])
inferred fluxes shape torch.Size([100, 40])
epoch 2: loss = 0.011597106819720687
epoch 2: val loss = 0.0015104074263945222
best model so far; save to disk ...
model on GPU? True
inferred fluxes shape torch.Size([100, 40])
inferred fluxes shape torch.Size([100, 40])
inferred fluxes shape torch.Size([100, 40])
inferred fluxes shape torch.Size([100, 40])
inferred fluxes shape torch.Size([100, 40])
inferred fluxes shape torch.Size([100, 40])
inferred fluxes shape torch.Size([100, 40])
inferred fluxes shape torch.Size([100, 40])
inferred fluxes shape torch.Size([100, 40])
inferred fluxes shape torch.Size([100, 40])
inferred fluxes shape torch.Size([100, 40])
inferred fluxes shape torch.Size([100, 40])
inferred fluxes shape torch.Size([100, 40])
inferred fluxes shape torch.Size([100, 40])
inferred fluxes shape torch.Size([100, 40])
inferred fluxes shape torch.Size([100, 40])
inferred fluxes shape torch.Size([100, 40])
inferred fluxes shape torch.Size([100, 40])
inferred fluxes shape torch.Size([100, 40])
inferred fluxes shape torch.Size([100, 40])
inferred fluxes shape torch.Size([100, 40])
inferred fluxes shape torch.Size([100, 40])
inferred fluxes shape torch.Size([100, 40])
inferred fluxes shape torch.Size([100, 40])
inferred fluxes shape torch.Size([100, 40])
inferred fluxes shape torch.Size([100, 40])
inferred fluxes shape torch.Size([100, 40])
inferred fluxes shape torch.Size([100, 40])
inferred fluxes shape torch.Size([100, 40])
inferred fluxes shape torch.Size([100, 40])
inferred fluxes shape torch.Size([100, 40])
inferred fluxes shape torch.Size([100, 40])
inferred fluxes shape torch.Size([100, 40])
inferred fluxes shape torch.Size([100, 40])
inferred fluxes shape torch.Size([100, 40])
inferred fluxes shape torch.Size([100, 40])
inferred fluxes shape torch.Size([100, 40])
inferred fluxes shape torch.Size([100, 40])
inferred fluxes shape torch.Size([100, 40])
inferred fluxes shape torch.Size([100, 40])
inferred fluxes shape torch.Size([100, 40])
inferred fluxes shape torch.Size([100, 40])
inferred fluxes shape torch.Size([100, 40])
inferred fluxes shape torch.Size([100, 40])
inferred fluxes shape torch.Size([100, 40])
inferred fluxes shape torch.Size([100, 40])
inferred fluxes shape torch.Size([100, 40])
inferred fluxes shape torch.Size([100, 40])
inferred fluxes shape torch.Size([100, 40])
inferred fluxes shape torch.Size([100, 40])
inferred fluxes shape torch.Size([100, 40])
inferred fluxes shape torch.Size([100, 40])
inferred fluxes shape torch.Size([100, 40])
inferred fluxes shape torch.Size([100, 40])
inferred fluxes shape torch.Size([100, 40])
inferred fluxes shape torch.Size([100, 40])
inferred fluxes shape torch.Size([100, 40])
inferred fluxes shape torch.Size([100, 40])
inferred fluxes shape torch.Size([100, 40])
inferred fluxes shape torch.Size([100, 40])
inferred fluxes shape torch.Size([100, 40])
inferred fluxes shape torch.Size([100, 40])
inferred fluxes shape torch.Size([100, 40])
inferred fluxes shape torch.Size([100, 40])
inferred fluxes shape torch.Size([100, 40])
inferred fluxes shape torch.Size([100, 40])
inferred fluxes shape torch.Size([100, 40])
inferred fluxes shape torch.Size([100, 40])
inferred fluxes shape torch.Size([100, 40])
inferred fluxes shape torch.Size([100, 40])
inferred fluxes shape torch.Size([100, 40])
inferred fluxes shape torch.Size([100, 40])
inferred fluxes shape torch.Size([100, 40])
inferred fluxes shape torch.Size([100, 40])
inferred fluxes shape torch.Size([100, 40])
inferred fluxes shape torch.Size([100, 40])
inferred fluxes shape torch.Size([100, 40])
inferred fluxes shape torch.Size([100, 40])
inferred fluxes shape torch.Size([100, 40])
inferred fluxes shape torch.Size([100, 40])
inferred fluxes shape torch.Size([100, 40])
inferred fluxes shape torch.Size([100, 40])
inferred fluxes shape torch.Size([100, 40])
inferred fluxes shape torch.Size([100, 40])
inferred fluxes shape torch.Size([100, 40])
inferred fluxes shape torch.Size([100, 40])
inferred fluxes shape torch.Size([100, 40])
inferred fluxes shape torch.Size([100, 40])
inferred fluxes shape torch.Size([100, 40])
inferred fluxes shape torch.Size([100, 40])
inferred fluxes shape torch.Size([100, 40])
inferred fluxes shape torch.Size([100, 40])
inferred fluxes shape torch.Size([100, 40])
inferred fluxes shape torch.Size([100, 40])
inferred fluxes shape torch.Size([100, 40])
inferred fluxes shape torch.Size([100, 40])
inferred fluxes shape torch.Size([100, 40])
inferred fluxes shape torch.Size([100, 40])
inferred fluxes shape torch.Size([100, 40])
inferred fluxes shape torch.Size([100, 40])
inferred fluxes shape torch.Size([100, 40])
inferred fluxes shape torch.Size([100, 40])
inferred fluxes shape torch.Size([100, 40])
inferred fluxes shape torch.Size([100, 40])
inferred fluxes shape torch.Size([100, 40])
inferred fluxes shape torch.Size([100, 40])
inferred fluxes shape torch.Size([100, 40])
inferred fluxes shape torch.Size([100, 40])
inferred fluxes shape torch.Size([100, 40])
inferred fluxes shape torch.Size([100, 40])
inferred fluxes shape torch.Size([100, 40])
inferred fluxes shape torch.Size([100, 40])
inferred fluxes shape torch.Size([100, 40])
inferred fluxes shape torch.Size([100, 40])
inferred fluxes shape torch.Size([100, 40])
inferred fluxes shape torch.Size([100, 40])
inferred fluxes shape torch.Size([100, 40])
inferred fluxes shape torch.Size([100, 40])
inferred fluxes shape torch.Size([100, 40])
inferred fluxes shape torch.Size([100, 40])
inferred fluxes shape torch.Size([100, 40])
inferred fluxes shape torch.Size([100, 40])
inferred fluxes shape torch.Size([100, 40])
inferred fluxes shape torch.Size([100, 40])
inferred fluxes shape torch.Size([100, 40])
inferred fluxes shape torch.Size([100, 40])
inferred fluxes shape torch.Size([100, 40])
inferred fluxes shape torch.Size([100, 40])
inferred fluxes shape torch.Size([100, 40])
inferred fluxes shape torch.Size([100, 40])
inferred fluxes shape torch.Size([100, 40])
inferred fluxes shape torch.Size([100, 40])
inferred fluxes shape torch.Size([100, 40])
inferred fluxes shape torch.Size([100, 40])
inferred fluxes shape torch.Size([100, 40])
inferred fluxes shape torch.Size([100, 40])
inferred fluxes shape torch.Size([100, 40])
inferred fluxes shape torch.Size([100, 40])
inferred fluxes shape torch.Size([100, 40])
inferred fluxes shape torch.Size([100, 40])
inferred fluxes shape torch.Size([100, 40])
inferred fluxes shape torch.Size([100, 40])
inferred fluxes shape torch.Size([100, 40])
inferred fluxes shape torch.Size([100, 40])
inferred fluxes shape torch.Size([100, 40])
inferred fluxes shape torch.Size([100, 40])
inferred fluxes shape torch.Size([100, 40])
inferred fluxes shape torch.Size([100, 40])
inferred fluxes shape torch.Size([100, 40])
inferred fluxes shape torch.Size([100, 40])
inferred fluxes shape torch.Size([100, 40])
inferred fluxes shape torch.Size([100, 40])
inferred fluxes shape torch.Size([100, 40])
inferred fluxes shape torch.Size([100, 40])
inferred fluxes shape torch.Size([100, 40])
inferred fluxes shape torch.Size([100, 40])
inferred fluxes shape torch.Size([100, 40])
inferred fluxes shape torch.Size([100, 40])
inferred fluxes shape torch.Size([100, 40])
inferred fluxes shape torch.Size([100, 40])
inferred fluxes shape torch.Size([100, 40])
inferred fluxes shape torch.Size([100, 40])
inferred fluxes shape torch.Size([100, 40])
inferred fluxes shape torch.Size([100, 40])
inferred fluxes shape torch.Size([100, 40])
inferred fluxes shape torch.Size([100, 40])
inferred fluxes shape torch.Size([100, 40])
inferred fluxes shape torch.Size([100, 40])
inferred fluxes shape torch.Size([100, 40])
inferred fluxes shape torch.Size([100, 40])
inferred fluxes shape torch.Size([100, 40])
inferred fluxes shape torch.Size([100, 40])
inferred fluxes shape torch.Size([100, 40])
inferred fluxes shape torch.Size([100, 40])
inferred fluxes shape torch.Size([100, 40])
inferred fluxes shape torch.Size([100, 40])
inferred fluxes shape torch.Size([100, 40])
inferred fluxes shape torch.Size([100, 40])
inferred fluxes shape torch.Size([100, 40])
inferred fluxes shape torch.Size([100, 40])
inferred fluxes shape torch.Size([100, 40])
inferred fluxes shape torch.Size([100, 40])
inferred fluxes shape torch.Size([100, 40])
inferred fluxes shape torch.Size([100, 40])
inferred fluxes shape torch.Size([100, 40])
epoch 3: loss = 0.004347779813247758
epoch 3: val loss = 0.0004893795121461153
best model so far; save to disk ...
model on GPU? True
inferred fluxes shape torch.Size([100, 40])
inferred fluxes shape torch.Size([100, 40])
inferred fluxes shape torch.Size([100, 40])
inferred fluxes shape torch.Size([100, 40])
inferred fluxes shape torch.Size([100, 40])
inferred fluxes shape torch.Size([100, 40])
inferred fluxes shape torch.Size([100, 40])
inferred fluxes shape torch.Size([100, 40])
inferred fluxes shape torch.Size([100, 40])
inferred fluxes shape torch.Size([100, 40])
inferred fluxes shape torch.Size([100, 40])
inferred fluxes shape torch.Size([100, 40])
inferred fluxes shape torch.Size([100, 40])
inferred fluxes shape torch.Size([100, 40])
inferred fluxes shape torch.Size([100, 40])
inferred fluxes shape torch.Size([100, 40])
inferred fluxes shape torch.Size([100, 40])
inferred fluxes shape torch.Size([100, 40])
inferred fluxes shape torch.Size([100, 40])
inferred fluxes shape torch.Size([100, 40])
inferred fluxes shape torch.Size([100, 40])
inferred fluxes shape torch.Size([100, 40])
inferred fluxes shape torch.Size([100, 40])
inferred fluxes shape torch.Size([100, 40])
inferred fluxes shape torch.Size([100, 40])
inferred fluxes shape torch.Size([100, 40])
inferred fluxes shape torch.Size([100, 40])
inferred fluxes shape torch.Size([100, 40])
inferred fluxes shape torch.Size([100, 40])
inferred fluxes shape torch.Size([100, 40])
inferred fluxes shape torch.Size([100, 40])
inferred fluxes shape torch.Size([100, 40])
inferred fluxes shape torch.Size([100, 40])
inferred fluxes shape torch.Size([100, 40])
inferred fluxes shape torch.Size([100, 40])
inferred fluxes shape torch.Size([100, 40])
inferred fluxes shape torch.Size([100, 40])
inferred fluxes shape torch.Size([100, 40])
inferred fluxes shape torch.Size([100, 40])
inferred fluxes shape torch.Size([100, 40])
inferred fluxes shape torch.Size([100, 40])
inferred fluxes shape torch.Size([100, 40])
inferred fluxes shape torch.Size([100, 40])
inferred fluxes shape torch.Size([100, 40])
inferred fluxes shape torch.Size([100, 40])
inferred fluxes shape torch.Size([100, 40])
inferred fluxes shape torch.Size([100, 40])
inferred fluxes shape torch.Size([100, 40])
inferred fluxes shape torch.Size([100, 40])
inferred fluxes shape torch.Size([100, 40])
inferred fluxes shape torch.Size([100, 40])
inferred fluxes shape torch.Size([100, 40])
inferred fluxes shape torch.Size([100, 40])
inferred fluxes shape torch.Size([100, 40])
inferred fluxes shape torch.Size([100, 40])
inferred fluxes shape torch.Size([100, 40])
inferred fluxes shape torch.Size([100, 40])
inferred fluxes shape torch.Size([100, 40])
inferred fluxes shape torch.Size([100, 40])
inferred fluxes shape torch.Size([100, 40])
inferred fluxes shape torch.Size([100, 40])
inferred fluxes shape torch.Size([100, 40])
inferred fluxes shape torch.Size([100, 40])
inferred fluxes shape torch.Size([100, 40])
inferred fluxes shape torch.Size([100, 40])
inferred fluxes shape torch.Size([100, 40])
inferred fluxes shape torch.Size([100, 40])
inferred fluxes shape torch.Size([100, 40])
inferred fluxes shape torch.Size([100, 40])
inferred fluxes shape torch.Size([100, 40])
inferred fluxes shape torch.Size([100, 40])
inferred fluxes shape torch.Size([100, 40])
inferred fluxes shape torch.Size([100, 40])
inferred fluxes shape torch.Size([100, 40])
inferred fluxes shape torch.Size([100, 40])
inferred fluxes shape torch.Size([100, 40])
inferred fluxes shape torch.Size([100, 40])
inferred fluxes shape torch.Size([100, 40])
inferred fluxes shape torch.Size([100, 40])
inferred fluxes shape torch.Size([100, 40])
inferred fluxes shape torch.Size([100, 40])
inferred fluxes shape torch.Size([100, 40])
inferred fluxes shape torch.Size([100, 40])
inferred fluxes shape torch.Size([100, 40])
inferred fluxes shape torch.Size([100, 40])
inferred fluxes shape torch.Size([100, 40])
inferred fluxes shape torch.Size([100, 40])
inferred fluxes shape torch.Size([100, 40])
inferred fluxes shape torch.Size([100, 40])
inferred fluxes shape torch.Size([100, 40])
inferred fluxes shape torch.Size([100, 40])
inferred fluxes shape torch.Size([100, 40])
inferred fluxes shape torch.Size([100, 40])
inferred fluxes shape torch.Size([100, 40])
inferred fluxes shape torch.Size([100, 40])
inferred fluxes shape torch.Size([100, 40])
inferred fluxes shape torch.Size([100, 40])
inferred fluxes shape torch.Size([100, 40])
inferred fluxes shape torch.Size([100, 40])
inferred fluxes shape torch.Size([100, 40])
inferred fluxes shape torch.Size([100, 40])
inferred fluxes shape torch.Size([100, 40])
inferred fluxes shape torch.Size([100, 40])
inferred fluxes shape torch.Size([100, 40])
inferred fluxes shape torch.Size([100, 40])
inferred fluxes shape torch.Size([100, 40])
inferred fluxes shape torch.Size([100, 40])
inferred fluxes shape torch.Size([100, 40])
inferred fluxes shape torch.Size([100, 40])
inferred fluxes shape torch.Size([100, 40])
inferred fluxes shape torch.Size([100, 40])
inferred fluxes shape torch.Size([100, 40])
inferred fluxes shape torch.Size([100, 40])
inferred fluxes shape torch.Size([100, 40])
inferred fluxes shape torch.Size([100, 40])
inferred fluxes shape torch.Size([100, 40])
inferred fluxes shape torch.Size([100, 40])
inferred fluxes shape torch.Size([100, 40])
inferred fluxes shape torch.Size([100, 40])
inferred fluxes shape torch.Size([100, 40])
inferred fluxes shape torch.Size([100, 40])
inferred fluxes shape torch.Size([100, 40])
inferred fluxes shape torch.Size([100, 40])
inferred fluxes shape torch.Size([100, 40])
inferred fluxes shape torch.Size([100, 40])
inferred fluxes shape torch.Size([100, 40])
inferred fluxes shape torch.Size([100, 40])
inferred fluxes shape torch.Size([100, 40])
inferred fluxes shape torch.Size([100, 40])
inferred fluxes shape torch.Size([100, 40])
inferred fluxes shape torch.Size([100, 40])
inferred fluxes shape torch.Size([100, 40])
inferred fluxes shape torch.Size([100, 40])
inferred fluxes shape torch.Size([100, 40])
inferred fluxes shape torch.Size([100, 40])
inferred fluxes shape torch.Size([100, 40])
inferred fluxes shape torch.Size([100, 40])
inferred fluxes shape torch.Size([100, 40])
inferred fluxes shape torch.Size([100, 40])
inferred fluxes shape torch.Size([100, 40])
inferred fluxes shape torch.Size([100, 40])
inferred fluxes shape torch.Size([100, 40])
inferred fluxes shape torch.Size([100, 40])
inferred fluxes shape torch.Size([100, 40])
inferred fluxes shape torch.Size([100, 40])
inferred fluxes shape torch.Size([100, 40])
inferred fluxes shape torch.Size([100, 40])
inferred fluxes shape torch.Size([100, 40])
inferred fluxes shape torch.Size([100, 40])
inferred fluxes shape torch.Size([100, 40])
inferred fluxes shape torch.Size([100, 40])
inferred fluxes shape torch.Size([100, 40])
inferred fluxes shape torch.Size([100, 40])
inferred fluxes shape torch.Size([100, 40])
inferred fluxes shape torch.Size([100, 40])
inferred fluxes shape torch.Size([100, 40])
inferred fluxes shape torch.Size([100, 40])
inferred fluxes shape torch.Size([100, 40])
inferred fluxes shape torch.Size([100, 40])
inferred fluxes shape torch.Size([100, 40])
inferred fluxes shape torch.Size([100, 40])
inferred fluxes shape torch.Size([100, 40])
inferred fluxes shape torch.Size([100, 40])
inferred fluxes shape torch.Size([100, 40])
inferred fluxes shape torch.Size([100, 40])
inferred fluxes shape torch.Size([100, 40])
inferred fluxes shape torch.Size([100, 40])
inferred fluxes shape torch.Size([100, 40])
inferred fluxes shape torch.Size([100, 40])
inferred fluxes shape torch.Size([100, 40])
inferred fluxes shape torch.Size([100, 40])
inferred fluxes shape torch.Size([100, 40])
inferred fluxes shape torch.Size([100, 40])
inferred fluxes shape torch.Size([100, 40])
inferred fluxes shape torch.Size([100, 40])
inferred fluxes shape torch.Size([100, 40])
inferred fluxes shape torch.Size([100, 40])
inferred fluxes shape torch.Size([100, 40])
inferred fluxes shape torch.Size([100, 40])
inferred fluxes shape torch.Size([100, 40])
inferred fluxes shape torch.Size([100, 40])
inferred fluxes shape torch.Size([100, 40])
inferred fluxes shape torch.Size([100, 40])
inferred fluxes shape torch.Size([100, 40])
inferred fluxes shape torch.Size([100, 40])
epoch 4: loss = 0.002466312311338009
epoch 4: val loss = 0.00031299100373871624
best model so far; save to disk ...
model on GPU? True
inferred fluxes shape torch.Size([100, 40])
inferred fluxes shape torch.Size([100, 40])
inferred fluxes shape torch.Size([100, 40])
inferred fluxes shape torch.Size([100, 40])
inferred fluxes shape torch.Size([100, 40])
inferred fluxes shape torch.Size([100, 40])
inferred fluxes shape torch.Size([100, 40])
inferred fluxes shape torch.Size([100, 40])
inferred fluxes shape torch.Size([100, 40])
inferred fluxes shape torch.Size([100, 40])
inferred fluxes shape torch.Size([100, 40])
inferred fluxes shape torch.Size([100, 40])
inferred fluxes shape torch.Size([100, 40])
inferred fluxes shape torch.Size([100, 40])
inferred fluxes shape torch.Size([100, 40])
inferred fluxes shape torch.Size([100, 40])
inferred fluxes shape torch.Size([100, 40])
inferred fluxes shape torch.Size([100, 40])
inferred fluxes shape torch.Size([100, 40])
inferred fluxes shape torch.Size([100, 40])
inferred fluxes shape torch.Size([100, 40])
inferred fluxes shape torch.Size([100, 40])
inferred fluxes shape torch.Size([100, 40])
inferred fluxes shape torch.Size([100, 40])
inferred fluxes shape torch.Size([100, 40])
inferred fluxes shape torch.Size([100, 40])
inferred fluxes shape torch.Size([100, 40])
inferred fluxes shape torch.Size([100, 40])
inferred fluxes shape torch.Size([100, 40])
inferred fluxes shape torch.Size([100, 40])
inferred fluxes shape torch.Size([100, 40])
inferred fluxes shape torch.Size([100, 40])
inferred fluxes shape torch.Size([100, 40])
inferred fluxes shape torch.Size([100, 40])
inferred fluxes shape torch.Size([100, 40])
inferred fluxes shape torch.Size([100, 40])
inferred fluxes shape torch.Size([100, 40])
inferred fluxes shape torch.Size([100, 40])
inferred fluxes shape torch.Size([100, 40])
inferred fluxes shape torch.Size([100, 40])
inferred fluxes shape torch.Size([100, 40])
inferred fluxes shape torch.Size([100, 40])
inferred fluxes shape torch.Size([100, 40])
inferred fluxes shape torch.Size([100, 40])
inferred fluxes shape torch.Size([100, 40])
inferred fluxes shape torch.Size([100, 40])
inferred fluxes shape torch.Size([100, 40])
inferred fluxes shape torch.Size([100, 40])
inferred fluxes shape torch.Size([100, 40])
inferred fluxes shape torch.Size([100, 40])
inferred fluxes shape torch.Size([100, 40])
inferred fluxes shape torch.Size([100, 40])
inferred fluxes shape torch.Size([100, 40])
inferred fluxes shape torch.Size([100, 40])
inferred fluxes shape torch.Size([100, 40])
inferred fluxes shape torch.Size([100, 40])
inferred fluxes shape torch.Size([100, 40])
inferred fluxes shape torch.Size([100, 40])
inferred fluxes shape torch.Size([100, 40])
inferred fluxes shape torch.Size([100, 40])
inferred fluxes shape torch.Size([100, 40])
inferred fluxes shape torch.Size([100, 40])
inferred fluxes shape torch.Size([100, 40])
inferred fluxes shape torch.Size([100, 40])
inferred fluxes shape torch.Size([100, 40])
inferred fluxes shape torch.Size([100, 40])
inferred fluxes shape torch.Size([100, 40])
inferred fluxes shape torch.Size([100, 40])
inferred fluxes shape torch.Size([100, 40])
inferred fluxes shape torch.Size([100, 40])
inferred fluxes shape torch.Size([100, 40])
inferred fluxes shape torch.Size([100, 40])
inferred fluxes shape torch.Size([100, 40])
inferred fluxes shape torch.Size([100, 40])
inferred fluxes shape torch.Size([100, 40])
inferred fluxes shape torch.Size([100, 40])
inferred fluxes shape torch.Size([100, 40])
inferred fluxes shape torch.Size([100, 40])
inferred fluxes shape torch.Size([100, 40])
inferred fluxes shape torch.Size([100, 40])
inferred fluxes shape torch.Size([100, 40])
inferred fluxes shape torch.Size([100, 40])
inferred fluxes shape torch.Size([100, 40])
inferred fluxes shape torch.Size([100, 40])
inferred fluxes shape torch.Size([100, 40])
inferred fluxes shape torch.Size([100, 40])
inferred fluxes shape torch.Size([100, 40])
inferred fluxes shape torch.Size([100, 40])
inferred fluxes shape torch.Size([100, 40])
inferred fluxes shape torch.Size([100, 40])
inferred fluxes shape torch.Size([100, 40])
inferred fluxes shape torch.Size([100, 40])
inferred fluxes shape torch.Size([100, 40])
inferred fluxes shape torch.Size([100, 40])
inferred fluxes shape torch.Size([100, 40])
inferred fluxes shape torch.Size([100, 40])
inferred fluxes shape torch.Size([100, 40])
inferred fluxes shape torch.Size([100, 40])
inferred fluxes shape torch.Size([100, 40])
inferred fluxes shape torch.Size([100, 40])
inferred fluxes shape torch.Size([100, 40])
inferred fluxes shape torch.Size([100, 40])
inferred fluxes shape torch.Size([100, 40])
inferred fluxes shape torch.Size([100, 40])
inferred fluxes shape torch.Size([100, 40])
inferred fluxes shape torch.Size([100, 40])
inferred fluxes shape torch.Size([100, 40])
inferred fluxes shape torch.Size([100, 40])
inferred fluxes shape torch.Size([100, 40])
inferred fluxes shape torch.Size([100, 40])
inferred fluxes shape torch.Size([100, 40])
inferred fluxes shape torch.Size([100, 40])
inferred fluxes shape torch.Size([100, 40])
inferred fluxes shape torch.Size([100, 40])
inferred fluxes shape torch.Size([100, 40])
inferred fluxes shape torch.Size([100, 40])
inferred fluxes shape torch.Size([100, 40])
inferred fluxes shape torch.Size([100, 40])
inferred fluxes shape torch.Size([100, 40])
inferred fluxes shape torch.Size([100, 40])
inferred fluxes shape torch.Size([100, 40])
inferred fluxes shape torch.Size([100, 40])
inferred fluxes shape torch.Size([100, 40])
inferred fluxes shape torch.Size([100, 40])
inferred fluxes shape torch.Size([100, 40])
inferred fluxes shape torch.Size([100, 40])
inferred fluxes shape torch.Size([100, 40])
inferred fluxes shape torch.Size([100, 40])
inferred fluxes shape torch.Size([100, 40])
inferred fluxes shape torch.Size([100, 40])
inferred fluxes shape torch.Size([100, 40])
inferred fluxes shape torch.Size([100, 40])
inferred fluxes shape torch.Size([100, 40])
inferred fluxes shape torch.Size([100, 40])
inferred fluxes shape torch.Size([100, 40])
inferred fluxes shape torch.Size([100, 40])
inferred fluxes shape torch.Size([100, 40])
inferred fluxes shape torch.Size([100, 40])
inferred fluxes shape torch.Size([100, 40])
inferred fluxes shape torch.Size([100, 40])
inferred fluxes shape torch.Size([100, 40])
inferred fluxes shape torch.Size([100, 40])
inferred fluxes shape torch.Size([100, 40])
inferred fluxes shape torch.Size([100, 40])
inferred fluxes shape torch.Size([100, 40])
inferred fluxes shape torch.Size([100, 40])
inferred fluxes shape torch.Size([100, 40])
inferred fluxes shape torch.Size([100, 40])
inferred fluxes shape torch.Size([100, 40])
inferred fluxes shape torch.Size([100, 40])
inferred fluxes shape torch.Size([100, 40])
inferred fluxes shape torch.Size([100, 40])
inferred fluxes shape torch.Size([100, 40])
inferred fluxes shape torch.Size([100, 40])
inferred fluxes shape torch.Size([100, 40])
inferred fluxes shape torch.Size([100, 40])
inferred fluxes shape torch.Size([100, 40])
inferred fluxes shape torch.Size([100, 40])
inferred fluxes shape torch.Size([100, 40])
inferred fluxes shape torch.Size([100, 40])
inferred fluxes shape torch.Size([100, 40])
inferred fluxes shape torch.Size([100, 40])
inferred fluxes shape torch.Size([100, 40])
inferred fluxes shape torch.Size([100, 40])
inferred fluxes shape torch.Size([100, 40])
inferred fluxes shape torch.Size([100, 40])
inferred fluxes shape torch.Size([100, 40])
inferred fluxes shape torch.Size([100, 40])
inferred fluxes shape torch.Size([100, 40])
inferred fluxes shape torch.Size([100, 40])
inferred fluxes shape torch.Size([100, 40])
inferred fluxes shape torch.Size([100, 40])
inferred fluxes shape torch.Size([100, 40])
inferred fluxes shape torch.Size([100, 40])
inferred fluxes shape torch.Size([100, 40])
inferred fluxes shape torch.Size([100, 40])
inferred fluxes shape torch.Size([100, 40])
inferred fluxes shape torch.Size([100, 40])
inferred fluxes shape torch.Size([100, 40])
inferred fluxes shape torch.Size([100, 40])
inferred fluxes shape torch.Size([100, 40])
inferred fluxes shape torch.Size([100, 40])
inferred fluxes shape torch.Size([100, 40])
inferred fluxes shape torch.Size([100, 40])
inferred fluxes shape torch.Size([100, 40])
epoch 5: loss = 0.0016435469966381787
epoch 5: val loss = 0.00023101216356735677
best model so far; save to disk ...
model on GPU? True
inferred fluxes shape torch.Size([100, 40])
inferred fluxes shape torch.Size([100, 40])
inferred fluxes shape torch.Size([100, 40])
inferred fluxes shape torch.Size([100, 40])
inferred fluxes shape torch.Size([100, 40])
inferred fluxes shape torch.Size([100, 40])
inferred fluxes shape torch.Size([100, 40])
inferred fluxes shape torch.Size([100, 40])
inferred fluxes shape torch.Size([100, 40])
inferred fluxes shape torch.Size([100, 40])
inferred fluxes shape torch.Size([100, 40])
inferred fluxes shape torch.Size([100, 40])
inferred fluxes shape torch.Size([100, 40])
inferred fluxes shape torch.Size([100, 40])
inferred fluxes shape torch.Size([100, 40])
inferred fluxes shape torch.Size([100, 40])
inferred fluxes shape torch.Size([100, 40])
inferred fluxes shape torch.Size([100, 40])
inferred fluxes shape torch.Size([100, 40])
inferred fluxes shape torch.Size([100, 40])
inferred fluxes shape torch.Size([100, 40])
inferred fluxes shape torch.Size([100, 40])
inferred fluxes shape torch.Size([100, 40])
inferred fluxes shape torch.Size([100, 40])
inferred fluxes shape torch.Size([100, 40])
inferred fluxes shape torch.Size([100, 40])
inferred fluxes shape torch.Size([100, 40])
inferred fluxes shape torch.Size([100, 40])
inferred fluxes shape torch.Size([100, 40])
inferred fluxes shape torch.Size([100, 40])
inferred fluxes shape torch.Size([100, 40])
inferred fluxes shape torch.Size([100, 40])
inferred fluxes shape torch.Size([100, 40])
inferred fluxes shape torch.Size([100, 40])
inferred fluxes shape torch.Size([100, 40])
inferred fluxes shape torch.Size([100, 40])
inferred fluxes shape torch.Size([100, 40])
inferred fluxes shape torch.Size([100, 40])
inferred fluxes shape torch.Size([100, 40])
inferred fluxes shape torch.Size([100, 40])
inferred fluxes shape torch.Size([100, 40])
inferred fluxes shape torch.Size([100, 40])
inferred fluxes shape torch.Size([100, 40])
inferred fluxes shape torch.Size([100, 40])
inferred fluxes shape torch.Size([100, 40])
inferred fluxes shape torch.Size([100, 40])
inferred fluxes shape torch.Size([100, 40])
inferred fluxes shape torch.Size([100, 40])
inferred fluxes shape torch.Size([100, 40])
inferred fluxes shape torch.Size([100, 40])
inferred fluxes shape torch.Size([100, 40])
inferred fluxes shape torch.Size([100, 40])
inferred fluxes shape torch.Size([100, 40])
inferred fluxes shape torch.Size([100, 40])
inferred fluxes shape torch.Size([100, 40])
inferred fluxes shape torch.Size([100, 40])
inferred fluxes shape torch.Size([100, 40])
inferred fluxes shape torch.Size([100, 40])
inferred fluxes shape torch.Size([100, 40])
inferred fluxes shape torch.Size([100, 40])
inferred fluxes shape torch.Size([100, 40])
inferred fluxes shape torch.Size([100, 40])
inferred fluxes shape torch.Size([100, 40])
inferred fluxes shape torch.Size([100, 40])
inferred fluxes shape torch.Size([100, 40])
inferred fluxes shape torch.Size([100, 40])
inferred fluxes shape torch.Size([100, 40])
inferred fluxes shape torch.Size([100, 40])
inferred fluxes shape torch.Size([100, 40])
inferred fluxes shape torch.Size([100, 40])
inferred fluxes shape torch.Size([100, 40])
inferred fluxes shape torch.Size([100, 40])
inferred fluxes shape torch.Size([100, 40])
inferred fluxes shape torch.Size([100, 40])
inferred fluxes shape torch.Size([100, 40])
inferred fluxes shape torch.Size([100, 40])
inferred fluxes shape torch.Size([100, 40])
inferred fluxes shape torch.Size([100, 40])
inferred fluxes shape torch.Size([100, 40])
inferred fluxes shape torch.Size([100, 40])
inferred fluxes shape torch.Size([100, 40])
inferred fluxes shape torch.Size([100, 40])
inferred fluxes shape torch.Size([100, 40])
inferred fluxes shape torch.Size([100, 40])
inferred fluxes shape torch.Size([100, 40])
inferred fluxes shape torch.Size([100, 40])
inferred fluxes shape torch.Size([100, 40])
inferred fluxes shape torch.Size([100, 40])
inferred fluxes shape torch.Size([100, 40])
inferred fluxes shape torch.Size([100, 40])
inferred fluxes shape torch.Size([100, 40])
inferred fluxes shape torch.Size([100, 40])
inferred fluxes shape torch.Size([100, 40])
inferred fluxes shape torch.Size([100, 40])
inferred fluxes shape torch.Size([100, 40])
inferred fluxes shape torch.Size([100, 40])
inferred fluxes shape torch.Size([100, 40])
inferred fluxes shape torch.Size([100, 40])
inferred fluxes shape torch.Size([100, 40])
inferred fluxes shape torch.Size([100, 40])
inferred fluxes shape torch.Size([100, 40])
inferred fluxes shape torch.Size([100, 40])
inferred fluxes shape torch.Size([100, 40])
inferred fluxes shape torch.Size([100, 40])
inferred fluxes shape torch.Size([100, 40])
inferred fluxes shape torch.Size([100, 40])
inferred fluxes shape torch.Size([100, 40])
inferred fluxes shape torch.Size([100, 40])
inferred fluxes shape torch.Size([100, 40])
inferred fluxes shape torch.Size([100, 40])
inferred fluxes shape torch.Size([100, 40])
inferred fluxes shape torch.Size([100, 40])
inferred fluxes shape torch.Size([100, 40])
inferred fluxes shape torch.Size([100, 40])
inferred fluxes shape torch.Size([100, 40])
inferred fluxes shape torch.Size([100, 40])
inferred fluxes shape torch.Size([100, 40])
inferred fluxes shape torch.Size([100, 40])
inferred fluxes shape torch.Size([100, 40])
inferred fluxes shape torch.Size([100, 40])
inferred fluxes shape torch.Size([100, 40])
inferred fluxes shape torch.Size([100, 40])
inferred fluxes shape torch.Size([100, 40])
inferred fluxes shape torch.Size([100, 40])
inferred fluxes shape torch.Size([100, 40])
inferred fluxes shape torch.Size([100, 40])
inferred fluxes shape torch.Size([100, 40])
inferred fluxes shape torch.Size([100, 40])
inferred fluxes shape torch.Size([100, 40])
inferred fluxes shape torch.Size([100, 40])
inferred fluxes shape torch.Size([100, 40])
inferred fluxes shape torch.Size([100, 40])
inferred fluxes shape torch.Size([100, 40])
inferred fluxes shape torch.Size([100, 40])
inferred fluxes shape torch.Size([100, 40])
inferred fluxes shape torch.Size([100, 40])
inferred fluxes shape torch.Size([100, 40])
inferred fluxes shape torch.Size([100, 40])
inferred fluxes shape torch.Size([100, 40])
inferred fluxes shape torch.Size([100, 40])
inferred fluxes shape torch.Size([100, 40])
inferred fluxes shape torch.Size([100, 40])
inferred fluxes shape torch.Size([100, 40])
inferred fluxes shape torch.Size([100, 40])
inferred fluxes shape torch.Size([100, 40])
inferred fluxes shape torch.Size([100, 40])
inferred fluxes shape torch.Size([100, 40])
inferred fluxes shape torch.Size([100, 40])
inferred fluxes shape torch.Size([100, 40])
inferred fluxes shape torch.Size([100, 40])
inferred fluxes shape torch.Size([100, 40])
inferred fluxes shape torch.Size([100, 40])
inferred fluxes shape torch.Size([100, 40])
inferred fluxes shape torch.Size([100, 40])
inferred fluxes shape torch.Size([100, 40])
inferred fluxes shape torch.Size([100, 40])
inferred fluxes shape torch.Size([100, 40])
inferred fluxes shape torch.Size([100, 40])
inferred fluxes shape torch.Size([100, 40])
inferred fluxes shape torch.Size([100, 40])
inferred fluxes shape torch.Size([100, 40])
inferred fluxes shape torch.Size([100, 40])
inferred fluxes shape torch.Size([100, 40])
inferred fluxes shape torch.Size([100, 40])
inferred fluxes shape torch.Size([100, 40])
inferred fluxes shape torch.Size([100, 40])
inferred fluxes shape torch.Size([100, 40])
inferred fluxes shape torch.Size([100, 40])
inferred fluxes shape torch.Size([100, 40])
inferred fluxes shape torch.Size([100, 40])
inferred fluxes shape torch.Size([100, 40])
inferred fluxes shape torch.Size([100, 40])
inferred fluxes shape torch.Size([100, 40])
inferred fluxes shape torch.Size([100, 40])
inferred fluxes shape torch.Size([100, 40])
inferred fluxes shape torch.Size([100, 40])
inferred fluxes shape torch.Size([100, 40])
inferred fluxes shape torch.Size([100, 40])
inferred fluxes shape torch.Size([100, 40])
inferred fluxes shape torch.Size([100, 40])
inferred fluxes shape torch.Size([100, 40])
inferred fluxes shape torch.Size([100, 40])
inferred fluxes shape torch.Size([100, 40])
inferred fluxes shape torch.Size([100, 40])
inferred fluxes shape torch.Size([100, 40])
epoch 6: loss = 0.0011428746838449827
epoch 6: val loss = 0.0001562348916195333
best model so far; save to disk ...
model on GPU? True
inferred fluxes shape torch.Size([100, 40])
inferred fluxes shape torch.Size([100, 40])
inferred fluxes shape torch.Size([100, 40])
inferred fluxes shape torch.Size([100, 40])
inferred fluxes shape torch.Size([100, 40])
inferred fluxes shape torch.Size([100, 40])
inferred fluxes shape torch.Size([100, 40])
inferred fluxes shape torch.Size([100, 40])
inferred fluxes shape torch.Size([100, 40])
inferred fluxes shape torch.Size([100, 40])
inferred fluxes shape torch.Size([100, 40])
inferred fluxes shape torch.Size([100, 40])
inferred fluxes shape torch.Size([100, 40])
inferred fluxes shape torch.Size([100, 40])
inferred fluxes shape torch.Size([100, 40])
inferred fluxes shape torch.Size([100, 40])
inferred fluxes shape torch.Size([100, 40])
inferred fluxes shape torch.Size([100, 40])
inferred fluxes shape torch.Size([100, 40])
inferred fluxes shape torch.Size([100, 40])
inferred fluxes shape torch.Size([100, 40])
inferred fluxes shape torch.Size([100, 40])
inferred fluxes shape torch.Size([100, 40])
inferred fluxes shape torch.Size([100, 40])
inferred fluxes shape torch.Size([100, 40])
inferred fluxes shape torch.Size([100, 40])
inferred fluxes shape torch.Size([100, 40])
inferred fluxes shape torch.Size([100, 40])
inferred fluxes shape torch.Size([100, 40])
inferred fluxes shape torch.Size([100, 40])
inferred fluxes shape torch.Size([100, 40])
inferred fluxes shape torch.Size([100, 40])
inferred fluxes shape torch.Size([100, 40])
inferred fluxes shape torch.Size([100, 40])
inferred fluxes shape torch.Size([100, 40])
inferred fluxes shape torch.Size([100, 40])
inferred fluxes shape torch.Size([100, 40])
inferred fluxes shape torch.Size([100, 40])
inferred fluxes shape torch.Size([100, 40])
inferred fluxes shape torch.Size([100, 40])
inferred fluxes shape torch.Size([100, 40])
inferred fluxes shape torch.Size([100, 40])
inferred fluxes shape torch.Size([100, 40])
inferred fluxes shape torch.Size([100, 40])
inferred fluxes shape torch.Size([100, 40])
inferred fluxes shape torch.Size([100, 40])
inferred fluxes shape torch.Size([100, 40])
inferred fluxes shape torch.Size([100, 40])
inferred fluxes shape torch.Size([100, 40])
inferred fluxes shape torch.Size([100, 40])
inferred fluxes shape torch.Size([100, 40])
inferred fluxes shape torch.Size([100, 40])
inferred fluxes shape torch.Size([100, 40])
inferred fluxes shape torch.Size([100, 40])
inferred fluxes shape torch.Size([100, 40])
inferred fluxes shape torch.Size([100, 40])
inferred fluxes shape torch.Size([100, 40])
inferred fluxes shape torch.Size([100, 40])
inferred fluxes shape torch.Size([100, 40])
inferred fluxes shape torch.Size([100, 40])
inferred fluxes shape torch.Size([100, 40])
inferred fluxes shape torch.Size([100, 40])
inferred fluxes shape torch.Size([100, 40])
inferred fluxes shape torch.Size([100, 40])
inferred fluxes shape torch.Size([100, 40])
inferred fluxes shape torch.Size([100, 40])
inferred fluxes shape torch.Size([100, 40])
inferred fluxes shape torch.Size([100, 40])
inferred fluxes shape torch.Size([100, 40])
inferred fluxes shape torch.Size([100, 40])
inferred fluxes shape torch.Size([100, 40])
inferred fluxes shape torch.Size([100, 40])
inferred fluxes shape torch.Size([100, 40])
inferred fluxes shape torch.Size([100, 40])
inferred fluxes shape torch.Size([100, 40])
inferred fluxes shape torch.Size([100, 40])
inferred fluxes shape torch.Size([100, 40])
inferred fluxes shape torch.Size([100, 40])
inferred fluxes shape torch.Size([100, 40])
inferred fluxes shape torch.Size([100, 40])
inferred fluxes shape torch.Size([100, 40])
inferred fluxes shape torch.Size([100, 40])
inferred fluxes shape torch.Size([100, 40])
inferred fluxes shape torch.Size([100, 40])
inferred fluxes shape torch.Size([100, 40])
inferred fluxes shape torch.Size([100, 40])
inferred fluxes shape torch.Size([100, 40])
inferred fluxes shape torch.Size([100, 40])
inferred fluxes shape torch.Size([100, 40])
inferred fluxes shape torch.Size([100, 40])
inferred fluxes shape torch.Size([100, 40])
inferred fluxes shape torch.Size([100, 40])
inferred fluxes shape torch.Size([100, 40])
inferred fluxes shape torch.Size([100, 40])
inferred fluxes shape torch.Size([100, 40])
inferred fluxes shape torch.Size([100, 40])
inferred fluxes shape torch.Size([100, 40])
inferred fluxes shape torch.Size([100, 40])
inferred fluxes shape torch.Size([100, 40])
inferred fluxes shape torch.Size([100, 40])
inferred fluxes shape torch.Size([100, 40])
inferred fluxes shape torch.Size([100, 40])
inferred fluxes shape torch.Size([100, 40])
inferred fluxes shape torch.Size([100, 40])
inferred fluxes shape torch.Size([100, 40])
inferred fluxes shape torch.Size([100, 40])
inferred fluxes shape torch.Size([100, 40])
inferred fluxes shape torch.Size([100, 40])
inferred fluxes shape torch.Size([100, 40])
inferred fluxes shape torch.Size([100, 40])
inferred fluxes shape torch.Size([100, 40])
inferred fluxes shape torch.Size([100, 40])
inferred fluxes shape torch.Size([100, 40])
inferred fluxes shape torch.Size([100, 40])
inferred fluxes shape torch.Size([100, 40])
inferred fluxes shape torch.Size([100, 40])
inferred fluxes shape torch.Size([100, 40])
inferred fluxes shape torch.Size([100, 40])
inferred fluxes shape torch.Size([100, 40])
inferred fluxes shape torch.Size([100, 40])
inferred fluxes shape torch.Size([100, 40])
inferred fluxes shape torch.Size([100, 40])
inferred fluxes shape torch.Size([100, 40])
inferred fluxes shape torch.Size([100, 40])
inferred fluxes shape torch.Size([100, 40])
inferred fluxes shape torch.Size([100, 40])
inferred fluxes shape torch.Size([100, 40])
inferred fluxes shape torch.Size([100, 40])
inferred fluxes shape torch.Size([100, 40])
inferred fluxes shape torch.Size([100, 40])
inferred fluxes shape torch.Size([100, 40])
inferred fluxes shape torch.Size([100, 40])
inferred fluxes shape torch.Size([100, 40])
inferred fluxes shape torch.Size([100, 40])
inferred fluxes shape torch.Size([100, 40])
inferred fluxes shape torch.Size([100, 40])
inferred fluxes shape torch.Size([100, 40])
inferred fluxes shape torch.Size([100, 40])
inferred fluxes shape torch.Size([100, 40])
inferred fluxes shape torch.Size([100, 40])
inferred fluxes shape torch.Size([100, 40])
inferred fluxes shape torch.Size([100, 40])
inferred fluxes shape torch.Size([100, 40])
inferred fluxes shape torch.Size([100, 40])
inferred fluxes shape torch.Size([100, 40])
inferred fluxes shape torch.Size([100, 40])
inferred fluxes shape torch.Size([100, 40])
inferred fluxes shape torch.Size([100, 40])
inferred fluxes shape torch.Size([100, 40])
inferred fluxes shape torch.Size([100, 40])
inferred fluxes shape torch.Size([100, 40])
inferred fluxes shape torch.Size([100, 40])
inferred fluxes shape torch.Size([100, 40])
inferred fluxes shape torch.Size([100, 40])
inferred fluxes shape torch.Size([100, 40])
inferred fluxes shape torch.Size([100, 40])
inferred fluxes shape torch.Size([100, 40])
inferred fluxes shape torch.Size([100, 40])
inferred fluxes shape torch.Size([100, 40])
inferred fluxes shape torch.Size([100, 40])
inferred fluxes shape torch.Size([100, 40])
inferred fluxes shape torch.Size([100, 40])
inferred fluxes shape torch.Size([100, 40])
inferred fluxes shape torch.Size([100, 40])
inferred fluxes shape torch.Size([100, 40])
inferred fluxes shape torch.Size([100, 40])
inferred fluxes shape torch.Size([100, 40])
inferred fluxes shape torch.Size([100, 40])
inferred fluxes shape torch.Size([100, 40])
inferred fluxes shape torch.Size([100, 40])
inferred fluxes shape torch.Size([100, 40])
inferred fluxes shape torch.Size([100, 40])
inferred fluxes shape torch.Size([100, 40])
inferred fluxes shape torch.Size([100, 40])
inferred fluxes shape torch.Size([100, 40])
inferred fluxes shape torch.Size([100, 40])
inferred fluxes shape torch.Size([100, 40])
inferred fluxes shape torch.Size([100, 40])
inferred fluxes shape torch.Size([100, 40])
inferred fluxes shape torch.Size([100, 40])
inferred fluxes shape torch.Size([100, 40])
inferred fluxes shape torch.Size([100, 40])
inferred fluxes shape torch.Size([100, 40])
inferred fluxes shape torch.Size([100, 40])
inferred fluxes shape torch.Size([100, 40])
epoch 7: loss = 0.0008906305421496162
epoch 7: val loss = 0.0001099460496334359
best model so far; save to disk ...
model on GPU? True
inferred fluxes shape torch.Size([100, 40])
inferred fluxes shape torch.Size([100, 40])
inferred fluxes shape torch.Size([100, 40])
inferred fluxes shape torch.Size([100, 40])
inferred fluxes shape torch.Size([100, 40])
inferred fluxes shape torch.Size([100, 40])
inferred fluxes shape torch.Size([100, 40])
inferred fluxes shape torch.Size([100, 40])
inferred fluxes shape torch.Size([100, 40])
inferred fluxes shape torch.Size([100, 40])
inferred fluxes shape torch.Size([100, 40])
inferred fluxes shape torch.Size([100, 40])
inferred fluxes shape torch.Size([100, 40])
inferred fluxes shape torch.Size([100, 40])
inferred fluxes shape torch.Size([100, 40])
inferred fluxes shape torch.Size([100, 40])
inferred fluxes shape torch.Size([100, 40])
inferred fluxes shape torch.Size([100, 40])
inferred fluxes shape torch.Size([100, 40])
inferred fluxes shape torch.Size([100, 40])
inferred fluxes shape torch.Size([100, 40])
inferred fluxes shape torch.Size([100, 40])
inferred fluxes shape torch.Size([100, 40])
inferred fluxes shape torch.Size([100, 40])
inferred fluxes shape torch.Size([100, 40])
inferred fluxes shape torch.Size([100, 40])
inferred fluxes shape torch.Size([100, 40])
inferred fluxes shape torch.Size([100, 40])
inferred fluxes shape torch.Size([100, 40])
inferred fluxes shape torch.Size([100, 40])
inferred fluxes shape torch.Size([100, 40])
inferred fluxes shape torch.Size([100, 40])
inferred fluxes shape torch.Size([100, 40])
inferred fluxes shape torch.Size([100, 40])
inferred fluxes shape torch.Size([100, 40])
inferred fluxes shape torch.Size([100, 40])
inferred fluxes shape torch.Size([100, 40])
inferred fluxes shape torch.Size([100, 40])
inferred fluxes shape torch.Size([100, 40])
inferred fluxes shape torch.Size([100, 40])
inferred fluxes shape torch.Size([100, 40])
inferred fluxes shape torch.Size([100, 40])
inferred fluxes shape torch.Size([100, 40])
inferred fluxes shape torch.Size([100, 40])
inferred fluxes shape torch.Size([100, 40])
inferred fluxes shape torch.Size([100, 40])
inferred fluxes shape torch.Size([100, 40])
inferred fluxes shape torch.Size([100, 40])
inferred fluxes shape torch.Size([100, 40])
inferred fluxes shape torch.Size([100, 40])
inferred fluxes shape torch.Size([100, 40])
inferred fluxes shape torch.Size([100, 40])
inferred fluxes shape torch.Size([100, 40])
inferred fluxes shape torch.Size([100, 40])
inferred fluxes shape torch.Size([100, 40])
inferred fluxes shape torch.Size([100, 40])
inferred fluxes shape torch.Size([100, 40])
inferred fluxes shape torch.Size([100, 40])
inferred fluxes shape torch.Size([100, 40])
inferred fluxes shape torch.Size([100, 40])
inferred fluxes shape torch.Size([100, 40])
inferred fluxes shape torch.Size([100, 40])
inferred fluxes shape torch.Size([100, 40])
inferred fluxes shape torch.Size([100, 40])
inferred fluxes shape torch.Size([100, 40])
inferred fluxes shape torch.Size([100, 40])
inferred fluxes shape torch.Size([100, 40])
inferred fluxes shape torch.Size([100, 40])
inferred fluxes shape torch.Size([100, 40])
inferred fluxes shape torch.Size([100, 40])
inferred fluxes shape torch.Size([100, 40])
inferred fluxes shape torch.Size([100, 40])
inferred fluxes shape torch.Size([100, 40])
inferred fluxes shape torch.Size([100, 40])
inferred fluxes shape torch.Size([100, 40])
inferred fluxes shape torch.Size([100, 40])
inferred fluxes shape torch.Size([100, 40])
inferred fluxes shape torch.Size([100, 40])
inferred fluxes shape torch.Size([100, 40])
inferred fluxes shape torch.Size([100, 40])
inferred fluxes shape torch.Size([100, 40])
inferred fluxes shape torch.Size([100, 40])
inferred fluxes shape torch.Size([100, 40])
inferred fluxes shape torch.Size([100, 40])
inferred fluxes shape torch.Size([100, 40])
inferred fluxes shape torch.Size([100, 40])
inferred fluxes shape torch.Size([100, 40])
inferred fluxes shape torch.Size([100, 40])
inferred fluxes shape torch.Size([100, 40])
inferred fluxes shape torch.Size([100, 40])
inferred fluxes shape torch.Size([100, 40])
inferred fluxes shape torch.Size([100, 40])
inferred fluxes shape torch.Size([100, 40])
inferred fluxes shape torch.Size([100, 40])
inferred fluxes shape torch.Size([100, 40])
inferred fluxes shape torch.Size([100, 40])
inferred fluxes shape torch.Size([100, 40])
inferred fluxes shape torch.Size([100, 40])
inferred fluxes shape torch.Size([100, 40])
inferred fluxes shape torch.Size([100, 40])
inferred fluxes shape torch.Size([100, 40])
inferred fluxes shape torch.Size([100, 40])
inferred fluxes shape torch.Size([100, 40])
inferred fluxes shape torch.Size([100, 40])
inferred fluxes shape torch.Size([100, 40])
inferred fluxes shape torch.Size([100, 40])
inferred fluxes shape torch.Size([100, 40])
inferred fluxes shape torch.Size([100, 40])
inferred fluxes shape torch.Size([100, 40])
inferred fluxes shape torch.Size([100, 40])
inferred fluxes shape torch.Size([100, 40])
inferred fluxes shape torch.Size([100, 40])
inferred fluxes shape torch.Size([100, 40])
inferred fluxes shape torch.Size([100, 40])
inferred fluxes shape torch.Size([100, 40])
inferred fluxes shape torch.Size([100, 40])
inferred fluxes shape torch.Size([100, 40])
inferred fluxes shape torch.Size([100, 40])
inferred fluxes shape torch.Size([100, 40])
inferred fluxes shape torch.Size([100, 40])
inferred fluxes shape torch.Size([100, 40])
inferred fluxes shape torch.Size([100, 40])
inferred fluxes shape torch.Size([100, 40])
inferred fluxes shape torch.Size([100, 40])
inferred fluxes shape torch.Size([100, 40])
inferred fluxes shape torch.Size([100, 40])
inferred fluxes shape torch.Size([100, 40])
inferred fluxes shape torch.Size([100, 40])
inferred fluxes shape torch.Size([100, 40])
inferred fluxes shape torch.Size([100, 40])
inferred fluxes shape torch.Size([100, 40])
inferred fluxes shape torch.Size([100, 40])
inferred fluxes shape torch.Size([100, 40])
inferred fluxes shape torch.Size([100, 40])
inferred fluxes shape torch.Size([100, 40])
inferred fluxes shape torch.Size([100, 40])
inferred fluxes shape torch.Size([100, 40])
inferred fluxes shape torch.Size([100, 40])
inferred fluxes shape torch.Size([100, 40])
inferred fluxes shape torch.Size([100, 40])
inferred fluxes shape torch.Size([100, 40])
inferred fluxes shape torch.Size([100, 40])
inferred fluxes shape torch.Size([100, 40])
inferred fluxes shape torch.Size([100, 40])
inferred fluxes shape torch.Size([100, 40])
inferred fluxes shape torch.Size([100, 40])
inferred fluxes shape torch.Size([100, 40])
inferred fluxes shape torch.Size([100, 40])
inferred fluxes shape torch.Size([100, 40])
inferred fluxes shape torch.Size([100, 40])
inferred fluxes shape torch.Size([100, 40])
inferred fluxes shape torch.Size([100, 40])
inferred fluxes shape torch.Size([100, 40])
inferred fluxes shape torch.Size([100, 40])
inferred fluxes shape torch.Size([100, 40])
inferred fluxes shape torch.Size([100, 40])
inferred fluxes shape torch.Size([100, 40])
inferred fluxes shape torch.Size([100, 40])
inferred fluxes shape torch.Size([100, 40])
inferred fluxes shape torch.Size([100, 40])
inferred fluxes shape torch.Size([100, 40])
inferred fluxes shape torch.Size([100, 40])
inferred fluxes shape torch.Size([100, 40])
inferred fluxes shape torch.Size([100, 40])
inferred fluxes shape torch.Size([100, 40])
inferred fluxes shape torch.Size([100, 40])
inferred fluxes shape torch.Size([100, 40])
inferred fluxes shape torch.Size([100, 40])
inferred fluxes shape torch.Size([100, 40])
inferred fluxes shape torch.Size([100, 40])
inferred fluxes shape torch.Size([100, 40])
inferred fluxes shape torch.Size([100, 40])
inferred fluxes shape torch.Size([100, 40])
inferred fluxes shape torch.Size([100, 40])
inferred fluxes shape torch.Size([100, 40])
inferred fluxes shape torch.Size([100, 40])
inferred fluxes shape torch.Size([100, 40])
inferred fluxes shape torch.Size([100, 40])
inferred fluxes shape torch.Size([100, 40])
inferred fluxes shape torch.Size([100, 40])
inferred fluxes shape torch.Size([100, 40])
inferred fluxes shape torch.Size([100, 40])
inferred fluxes shape torch.Size([100, 40])
inferred fluxes shape torch.Size([100, 40])
inferred fluxes shape torch.Size([100, 40])
epoch 8: loss = 0.0006890636579309766
epoch 8: val loss = 7.348348299274221e-05
best model so far; save to disk ...
model on GPU? True
inferred fluxes shape torch.Size([100, 40])
inferred fluxes shape torch.Size([100, 40])
inferred fluxes shape torch.Size([100, 40])
inferred fluxes shape torch.Size([100, 40])
inferred fluxes shape torch.Size([100, 40])
inferred fluxes shape torch.Size([100, 40])
inferred fluxes shape torch.Size([100, 40])
inferred fluxes shape torch.Size([100, 40])
inferred fluxes shape torch.Size([100, 40])
inferred fluxes shape torch.Size([100, 40])
inferred fluxes shape torch.Size([100, 40])
inferred fluxes shape torch.Size([100, 40])
inferred fluxes shape torch.Size([100, 40])
inferred fluxes shape torch.Size([100, 40])
inferred fluxes shape torch.Size([100, 40])
inferred fluxes shape torch.Size([100, 40])
inferred fluxes shape torch.Size([100, 40])
inferred fluxes shape torch.Size([100, 40])
inferred fluxes shape torch.Size([100, 40])
inferred fluxes shape torch.Size([100, 40])
inferred fluxes shape torch.Size([100, 40])
inferred fluxes shape torch.Size([100, 40])
inferred fluxes shape torch.Size([100, 40])
inferred fluxes shape torch.Size([100, 40])
inferred fluxes shape torch.Size([100, 40])
inferred fluxes shape torch.Size([100, 40])
inferred fluxes shape torch.Size([100, 40])
inferred fluxes shape torch.Size([100, 40])
inferred fluxes shape torch.Size([100, 40])
inferred fluxes shape torch.Size([100, 40])
inferred fluxes shape torch.Size([100, 40])
inferred fluxes shape torch.Size([100, 40])
inferred fluxes shape torch.Size([100, 40])
inferred fluxes shape torch.Size([100, 40])
inferred fluxes shape torch.Size([100, 40])
inferred fluxes shape torch.Size([100, 40])
inferred fluxes shape torch.Size([100, 40])
inferred fluxes shape torch.Size([100, 40])
inferred fluxes shape torch.Size([100, 40])
inferred fluxes shape torch.Size([100, 40])
inferred fluxes shape torch.Size([100, 40])
inferred fluxes shape torch.Size([100, 40])
inferred fluxes shape torch.Size([100, 40])
inferred fluxes shape torch.Size([100, 40])
inferred fluxes shape torch.Size([100, 40])
inferred fluxes shape torch.Size([100, 40])
inferred fluxes shape torch.Size([100, 40])
inferred fluxes shape torch.Size([100, 40])
inferred fluxes shape torch.Size([100, 40])
inferred fluxes shape torch.Size([100, 40])
inferred fluxes shape torch.Size([100, 40])
inferred fluxes shape torch.Size([100, 40])
inferred fluxes shape torch.Size([100, 40])
inferred fluxes shape torch.Size([100, 40])
inferred fluxes shape torch.Size([100, 40])
inferred fluxes shape torch.Size([100, 40])
inferred fluxes shape torch.Size([100, 40])
inferred fluxes shape torch.Size([100, 40])
inferred fluxes shape torch.Size([100, 40])
inferred fluxes shape torch.Size([100, 40])
inferred fluxes shape torch.Size([100, 40])
inferred fluxes shape torch.Size([100, 40])
inferred fluxes shape torch.Size([100, 40])
inferred fluxes shape torch.Size([100, 40])
inferred fluxes shape torch.Size([100, 40])
inferred fluxes shape torch.Size([100, 40])
inferred fluxes shape torch.Size([100, 40])
inferred fluxes shape torch.Size([100, 40])
inferred fluxes shape torch.Size([100, 40])
inferred fluxes shape torch.Size([100, 40])
inferred fluxes shape torch.Size([100, 40])
inferred fluxes shape torch.Size([100, 40])
inferred fluxes shape torch.Size([100, 40])
inferred fluxes shape torch.Size([100, 40])
inferred fluxes shape torch.Size([100, 40])
inferred fluxes shape torch.Size([100, 40])
inferred fluxes shape torch.Size([100, 40])
inferred fluxes shape torch.Size([100, 40])
inferred fluxes shape torch.Size([100, 40])
inferred fluxes shape torch.Size([100, 40])
inferred fluxes shape torch.Size([100, 40])
inferred fluxes shape torch.Size([100, 40])
inferred fluxes shape torch.Size([100, 40])
inferred fluxes shape torch.Size([100, 40])
inferred fluxes shape torch.Size([100, 40])
inferred fluxes shape torch.Size([100, 40])
inferred fluxes shape torch.Size([100, 40])
inferred fluxes shape torch.Size([100, 40])
inferred fluxes shape torch.Size([100, 40])
inferred fluxes shape torch.Size([100, 40])
inferred fluxes shape torch.Size([100, 40])
inferred fluxes shape torch.Size([100, 40])
inferred fluxes shape torch.Size([100, 40])
inferred fluxes shape torch.Size([100, 40])
inferred fluxes shape torch.Size([100, 40])
inferred fluxes shape torch.Size([100, 40])
inferred fluxes shape torch.Size([100, 40])
inferred fluxes shape torch.Size([100, 40])
inferred fluxes shape torch.Size([100, 40])
inferred fluxes shape torch.Size([100, 40])
inferred fluxes shape torch.Size([100, 40])
inferred fluxes shape torch.Size([100, 40])
inferred fluxes shape torch.Size([100, 40])
inferred fluxes shape torch.Size([100, 40])
inferred fluxes shape torch.Size([100, 40])
inferred fluxes shape torch.Size([100, 40])
inferred fluxes shape torch.Size([100, 40])
inferred fluxes shape torch.Size([100, 40])
inferred fluxes shape torch.Size([100, 40])
inferred fluxes shape torch.Size([100, 40])
inferred fluxes shape torch.Size([100, 40])
inferred fluxes shape torch.Size([100, 40])
inferred fluxes shape torch.Size([100, 40])
inferred fluxes shape torch.Size([100, 40])
inferred fluxes shape torch.Size([100, 40])
inferred fluxes shape torch.Size([100, 40])
inferred fluxes shape torch.Size([100, 40])
inferred fluxes shape torch.Size([100, 40])
inferred fluxes shape torch.Size([100, 40])
inferred fluxes shape torch.Size([100, 40])
inferred fluxes shape torch.Size([100, 40])
inferred fluxes shape torch.Size([100, 40])
inferred fluxes shape torch.Size([100, 40])
inferred fluxes shape torch.Size([100, 40])
inferred fluxes shape torch.Size([100, 40])
inferred fluxes shape torch.Size([100, 40])
inferred fluxes shape torch.Size([100, 40])
inferred fluxes shape torch.Size([100, 40])
inferred fluxes shape torch.Size([100, 40])
inferred fluxes shape torch.Size([100, 40])
inferred fluxes shape torch.Size([100, 40])
inferred fluxes shape torch.Size([100, 40])
inferred fluxes shape torch.Size([100, 40])
inferred fluxes shape torch.Size([100, 40])
inferred fluxes shape torch.Size([100, 40])
inferred fluxes shape torch.Size([100, 40])
inferred fluxes shape torch.Size([100, 40])
inferred fluxes shape torch.Size([100, 40])
inferred fluxes shape torch.Size([100, 40])
inferred fluxes shape torch.Size([100, 40])
inferred fluxes shape torch.Size([100, 40])
inferred fluxes shape torch.Size([100, 40])
inferred fluxes shape torch.Size([100, 40])
inferred fluxes shape torch.Size([100, 40])
inferred fluxes shape torch.Size([100, 40])
inferred fluxes shape torch.Size([100, 40])
inferred fluxes shape torch.Size([100, 40])
inferred fluxes shape torch.Size([100, 40])
inferred fluxes shape torch.Size([100, 40])
inferred fluxes shape torch.Size([100, 40])
inferred fluxes shape torch.Size([100, 40])
inferred fluxes shape torch.Size([100, 40])
inferred fluxes shape torch.Size([100, 40])
inferred fluxes shape torch.Size([100, 40])
inferred fluxes shape torch.Size([100, 40])
inferred fluxes shape torch.Size([100, 40])
inferred fluxes shape torch.Size([100, 40])
inferred fluxes shape torch.Size([100, 40])
inferred fluxes shape torch.Size([100, 40])
inferred fluxes shape torch.Size([100, 40])
inferred fluxes shape torch.Size([100, 40])
inferred fluxes shape torch.Size([100, 40])
inferred fluxes shape torch.Size([100, 40])
inferred fluxes shape torch.Size([100, 40])
inferred fluxes shape torch.Size([100, 40])
inferred fluxes shape torch.Size([100, 40])
inferred fluxes shape torch.Size([100, 40])
inferred fluxes shape torch.Size([100, 40])
inferred fluxes shape torch.Size([100, 40])
inferred fluxes shape torch.Size([100, 40])
inferred fluxes shape torch.Size([100, 40])
inferred fluxes shape torch.Size([100, 40])
inferred fluxes shape torch.Size([100, 40])
inferred fluxes shape torch.Size([100, 40])
inferred fluxes shape torch.Size([100, 40])
inferred fluxes shape torch.Size([100, 40])
inferred fluxes shape torch.Size([100, 40])
inferred fluxes shape torch.Size([100, 40])
inferred fluxes shape torch.Size([100, 40])
inferred fluxes shape torch.Size([100, 40])
inferred fluxes shape torch.Size([100, 40])
inferred fluxes shape torch.Size([100, 40])
inferred fluxes shape torch.Size([100, 40])
inferred fluxes shape torch.Size([100, 40])
inferred fluxes shape torch.Size([100, 40])
epoch 9: loss = 0.0005511374173471956
epoch 9: val loss = 6.0952668718528e-05
best model so far; save to disk ...
model on GPU? True
inferred fluxes shape torch.Size([100, 40])
inferred fluxes shape torch.Size([100, 40])
inferred fluxes shape torch.Size([100, 40])
inferred fluxes shape torch.Size([100, 40])
inferred fluxes shape torch.Size([100, 40])
inferred fluxes shape torch.Size([100, 40])
inferred fluxes shape torch.Size([100, 40])
inferred fluxes shape torch.Size([100, 40])
inferred fluxes shape torch.Size([100, 40])
inferred fluxes shape torch.Size([100, 40])
inferred fluxes shape torch.Size([100, 40])
inferred fluxes shape torch.Size([100, 40])
inferred fluxes shape torch.Size([100, 40])
inferred fluxes shape torch.Size([100, 40])
inferred fluxes shape torch.Size([100, 40])
inferred fluxes shape torch.Size([100, 40])
inferred fluxes shape torch.Size([100, 40])
inferred fluxes shape torch.Size([100, 40])
inferred fluxes shape torch.Size([100, 40])
inferred fluxes shape torch.Size([100, 40])
inferred fluxes shape torch.Size([100, 40])
inferred fluxes shape torch.Size([100, 40])
inferred fluxes shape torch.Size([100, 40])
inferred fluxes shape torch.Size([100, 40])
inferred fluxes shape torch.Size([100, 40])
inferred fluxes shape torch.Size([100, 40])
inferred fluxes shape torch.Size([100, 40])
inferred fluxes shape torch.Size([100, 40])
inferred fluxes shape torch.Size([100, 40])
inferred fluxes shape torch.Size([100, 40])
inferred fluxes shape torch.Size([100, 40])
inferred fluxes shape torch.Size([100, 40])
inferred fluxes shape torch.Size([100, 40])
inferred fluxes shape torch.Size([100, 40])
inferred fluxes shape torch.Size([100, 40])
inferred fluxes shape torch.Size([100, 40])
inferred fluxes shape torch.Size([100, 40])
inferred fluxes shape torch.Size([100, 40])
inferred fluxes shape torch.Size([100, 40])
inferred fluxes shape torch.Size([100, 40])
inferred fluxes shape torch.Size([100, 40])
inferred fluxes shape torch.Size([100, 40])
inferred fluxes shape torch.Size([100, 40])
inferred fluxes shape torch.Size([100, 40])
inferred fluxes shape torch.Size([100, 40])
inferred fluxes shape torch.Size([100, 40])
inferred fluxes shape torch.Size([100, 40])
inferred fluxes shape torch.Size([100, 40])
inferred fluxes shape torch.Size([100, 40])
inferred fluxes shape torch.Size([100, 40])
inferred fluxes shape torch.Size([100, 40])
inferred fluxes shape torch.Size([100, 40])
inferred fluxes shape torch.Size([100, 40])
inferred fluxes shape torch.Size([100, 40])
inferred fluxes shape torch.Size([100, 40])
inferred fluxes shape torch.Size([100, 40])
inferred fluxes shape torch.Size([100, 40])
inferred fluxes shape torch.Size([100, 40])
inferred fluxes shape torch.Size([100, 40])
inferred fluxes shape torch.Size([100, 40])
inferred fluxes shape torch.Size([100, 40])
inferred fluxes shape torch.Size([100, 40])
inferred fluxes shape torch.Size([100, 40])
inferred fluxes shape torch.Size([100, 40])
inferred fluxes shape torch.Size([100, 40])
inferred fluxes shape torch.Size([100, 40])
inferred fluxes shape torch.Size([100, 40])
inferred fluxes shape torch.Size([100, 40])
inferred fluxes shape torch.Size([100, 40])
inferred fluxes shape torch.Size([100, 40])
inferred fluxes shape torch.Size([100, 40])
inferred fluxes shape torch.Size([100, 40])
inferred fluxes shape torch.Size([100, 40])
inferred fluxes shape torch.Size([100, 40])
inferred fluxes shape torch.Size([100, 40])
inferred fluxes shape torch.Size([100, 40])
inferred fluxes shape torch.Size([100, 40])
inferred fluxes shape torch.Size([100, 40])
inferred fluxes shape torch.Size([100, 40])
inferred fluxes shape torch.Size([100, 40])
inferred fluxes shape torch.Size([100, 40])
inferred fluxes shape torch.Size([100, 40])
inferred fluxes shape torch.Size([100, 40])
inferred fluxes shape torch.Size([100, 40])
inferred fluxes shape torch.Size([100, 40])
inferred fluxes shape torch.Size([100, 40])
inferred fluxes shape torch.Size([100, 40])
inferred fluxes shape torch.Size([100, 40])
inferred fluxes shape torch.Size([100, 40])
inferred fluxes shape torch.Size([100, 40])
inferred fluxes shape torch.Size([100, 40])
inferred fluxes shape torch.Size([100, 40])
inferred fluxes shape torch.Size([100, 40])
inferred fluxes shape torch.Size([100, 40])
inferred fluxes shape torch.Size([100, 40])
inferred fluxes shape torch.Size([100, 40])
inferred fluxes shape torch.Size([100, 40])
inferred fluxes shape torch.Size([100, 40])
inferred fluxes shape torch.Size([100, 40])
inferred fluxes shape torch.Size([100, 40])
inferred fluxes shape torch.Size([100, 40])
inferred fluxes shape torch.Size([100, 40])
inferred fluxes shape torch.Size([100, 40])
inferred fluxes shape torch.Size([100, 40])
inferred fluxes shape torch.Size([100, 40])
inferred fluxes shape torch.Size([100, 40])
inferred fluxes shape torch.Size([100, 40])
inferred fluxes shape torch.Size([100, 40])
inferred fluxes shape torch.Size([100, 40])
inferred fluxes shape torch.Size([100, 40])
inferred fluxes shape torch.Size([100, 40])
inferred fluxes shape torch.Size([100, 40])
inferred fluxes shape torch.Size([100, 40])
inferred fluxes shape torch.Size([100, 40])
inferred fluxes shape torch.Size([100, 40])
inferred fluxes shape torch.Size([100, 40])
inferred fluxes shape torch.Size([100, 40])
inferred fluxes shape torch.Size([100, 40])
inferred fluxes shape torch.Size([100, 40])
inferred fluxes shape torch.Size([100, 40])
inferred fluxes shape torch.Size([100, 40])
inferred fluxes shape torch.Size([100, 40])
inferred fluxes shape torch.Size([100, 40])
inferred fluxes shape torch.Size([100, 40])
inferred fluxes shape torch.Size([100, 40])
inferred fluxes shape torch.Size([100, 40])
inferred fluxes shape torch.Size([100, 40])
inferred fluxes shape torch.Size([100, 40])
inferred fluxes shape torch.Size([100, 40])
inferred fluxes shape torch.Size([100, 40])
inferred fluxes shape torch.Size([100, 40])
inferred fluxes shape torch.Size([100, 40])
inferred fluxes shape torch.Size([100, 40])
inferred fluxes shape torch.Size([100, 40])
inferred fluxes shape torch.Size([100, 40])
inferred fluxes shape torch.Size([100, 40])
inferred fluxes shape torch.Size([100, 40])
inferred fluxes shape torch.Size([100, 40])
inferred fluxes shape torch.Size([100, 40])
inferred fluxes shape torch.Size([100, 40])
inferred fluxes shape torch.Size([100, 40])
inferred fluxes shape torch.Size([100, 40])
inferred fluxes shape torch.Size([100, 40])
inferred fluxes shape torch.Size([100, 40])
inferred fluxes shape torch.Size([100, 40])
inferred fluxes shape torch.Size([100, 40])
inferred fluxes shape torch.Size([100, 40])
inferred fluxes shape torch.Size([100, 40])
inferred fluxes shape torch.Size([100, 40])
inferred fluxes shape torch.Size([100, 40])
inferred fluxes shape torch.Size([100, 40])
inferred fluxes shape torch.Size([100, 40])
inferred fluxes shape torch.Size([100, 40])
inferred fluxes shape torch.Size([100, 40])
inferred fluxes shape torch.Size([100, 40])
inferred fluxes shape torch.Size([100, 40])
inferred fluxes shape torch.Size([100, 40])
inferred fluxes shape torch.Size([100, 40])
inferred fluxes shape torch.Size([100, 40])
inferred fluxes shape torch.Size([100, 40])
inferred fluxes shape torch.Size([100, 40])
inferred fluxes shape torch.Size([100, 40])
inferred fluxes shape torch.Size([100, 40])
inferred fluxes shape torch.Size([100, 40])
inferred fluxes shape torch.Size([100, 40])
inferred fluxes shape torch.Size([100, 40])
inferred fluxes shape torch.Size([100, 40])
inferred fluxes shape torch.Size([100, 40])
inferred fluxes shape torch.Size([100, 40])
inferred fluxes shape torch.Size([100, 40])
inferred fluxes shape torch.Size([100, 40])
inferred fluxes shape torch.Size([100, 40])
inferred fluxes shape torch.Size([100, 40])
inferred fluxes shape torch.Size([100, 40])
inferred fluxes shape torch.Size([100, 40])
inferred fluxes shape torch.Size([100, 40])
inferred fluxes shape torch.Size([100, 40])
inferred fluxes shape torch.Size([100, 40])
inferred fluxes shape torch.Size([100, 40])
inferred fluxes shape torch.Size([100, 40])
inferred fluxes shape torch.Size([100, 40])
inferred fluxes shape torch.Size([100, 40])
inferred fluxes shape torch.Size([100, 40])
inferred fluxes shape torch.Size([100, 40])
inferred fluxes shape torch.Size([100, 40])
epoch 10: loss = 0.0004998735060153932
epoch 10: val loss = 6.066745118005201e-05
best model so far; save to disk ...
srun: error: r33n2: task 0: Segmentation fault
