mkdir: cannot create directory '/home/flippert/birdMigration/checkpoints/lstm/array_job_7775955': No such file or directory
rsync: change_dir "/home/flippert/birdMigration/checkpoints/lstm/array_job_7775955" failed: No such file or directory (2)
rsync error: some files/attrs were not transferred (see previous errors) (code 23) at main.c(1207) [sender=3.1.3]
Could not override 'job_id'.
To append to your config use +job_id=1
Key 'job_id' is not in struct
	full_key: job_id
	reference_type=Optional[Dict[Union[str, Enum], Any]]
	object_type=dict

Set the environment variable HYDRA_FULL_ERROR=1 for a complete stack trace.
srun: error: r30n3: task 0: Exited with exit code 1
Could not override 'job_id'.
To append to your config use +job_id=2
Key 'job_id' is not in struct
	full_key: job_id
	reference_type=Optional[Dict[Union[str, Enum], Any]]
	object_type=dict

Set the environment variable HYDRA_FULL_ERROR=1 for a complete stack trace.
srun: error: r30n3: task 0: Exited with exit code 1
Could not override 'job_id'.
To append to your config use +job_id=3
Key 'job_id' is not in struct
	full_key: job_id
	reference_type=Optional[Dict[Union[str, Enum], Any]]
	object_type=dict

Set the environment variable HYDRA_FULL_ERROR=1 for a complete stack trace.
srun: error: r30n3: task 0: Exited with exit code 1
