drwx------              6 2021/06/11 17:52:12 .
normalize features
load year 2016
load year 2017
load data
Processing...
/scratch/data/preprocessed/1H/voronoi_dummy_radars=0_exclude=[]/radar/fall/2016
number of nans:  870
max bird measurement 9938497.9440479
Use Voronoi tessellation
input col birds_from_buffer
55990 870
birds_from_buffer
bird scale = 9938497.9440479
number of sequences = 104
discarded 0 sequences due to missing data
Done!
Processing...
/scratch/data/preprocessed/1H/voronoi_dummy_radars=0_exclude=[]/radar/fall/2017
number of nans:  8169
max bird measurement 9580697.41157437
Use Voronoi tessellation
input col birds_from_buffer
55990 8169
birds_from_buffer
bird scale = 9938497.9440479
number of sequences = 81
discarded 23 sequences due to missing data
Done!
total number of sequences = 185
number of training sequences = 167
number of validation sequences = 18
-------------- hyperparamter settings ----------------
{'name': 'BirdFluxGraphLSTM', 'n_hidden': 64, 'n_fc_layers': 2, 'n_fc_layers_fluxmlp': 2, 'n_hidden_fluxmlp': 64, 'n_lstm_layers': 1, 'dropout_p': 0.25, 'lr': 0.0001, 'lr_decay': 50, 'teacher_forcing_gamma': 0.95, 'conservation_constraint': 0.0, 'epochs': 2, 'horizon': 40, 'fixed_boundary': False, 'force_zeros': False, 'use_encoder': True, 'context': 24, 'root_transformed_loss': True, 'enforce_conservation': False, 'compute_fluxes': False, 'boundary_constraint_only': True, 'perturbation_std': 0, 'perturbation_mean': 0, 'batch_size': 1, 'boundary_model': 'none', 'load_states_from': 'none'}
------------------------------------------------------
train model
['u', 'v', 'cc', 'tp', 'sp', 't2m', 'sshf']
model on GPU? True
torch.Size([22, 9]) torch.Size([22, 2]) torch.Size([22])
