/home/flippert/.conda/envs/birds/bin/python
normalize features
load training data
Processing...
/scratch/data/preprocessed/1H/voronoi_dummy_radars=0_exclude=[]/radar/fall/2016
number of nans:  870
max bird measurement 9938497.9440479
Use Voronoi tessellation
input col birds_from_buffer
55990 870
birds_from_buffer
bird scale = 9938497.9440479
compute fluxes
/home/flippert/.conda/envs/birds/lib/python3.9/site-packages/birds-0.1.0-py3.9.egg/birds/dataloader.py:467: RuntimeWarning: invalid value encountered in remainder
  dd_interp = ((dd_i + 360) % 360 + (dd_j + 360) % 360) / 2
/home/flippert/.conda/envs/birds/lib/python3.9/site-packages/birds-0.1.0-py3.9.egg/birds/dataloader.py:482: RuntimeWarning: invalid value encountered in remainder
  data['direction'] = (data['direction'] + 360) % 360
number of sequences = 2480
discarded 0 sequences due to missing data
Done!
Processing...
/scratch/data/preprocessed/1H/voronoi_dummy_radars=0_exclude=[]/radar/fall/2017
number of nans:  8169
max bird measurement 9580697.41157437
Use Voronoi tessellation
input col birds_from_buffer
55990 8169
birds_from_buffer
bird scale = 9938497.9440479
compute fluxes
number of sequences = 1936
discarded 544 sequences due to missing data
Done!
training set size = 4416
loaded training data
load val data
Processing...
/scratch/data/preprocessed/1H/voronoi_dummy_radars=0_exclude=[]/radar/fall/2015
number of nans:  228
max bird measurement 12157881.069388226
Use Voronoi tessellation
input col birds_from_buffer
55990 228
birds_from_buffer
bird scale = 9938497.9440479
compute fluxes
number of sequences = 104
discarded 0 sequences due to missing data
Done!
loaded val data
----------------------------------------
hyperparameter settings: {'n_hidden': 64, 'n_fc_layers': 2, 'n_fc_layers_fluxmlp': 2, 'n_hidden_fluxmlp': 64, 'n_lstm_layers': 1, 'dropout_p': 0.25, 'lr': 0.0001, 'lr_decay': 100, 'teacher_forcing_gamma': 0.95, 'conservation_constraint': 0.0}
train model [trial 0]
['u', 'v', 'cc', 'tp', 'sp', 't2m', 'sshf']
epoch 1: loss = 0.00017547206883178427
epoch 1: val loss = 3.055657725781202e-05
best model so far; save to disk ...
epoch 2: loss = 8.377202000896838e-05
epoch 2: val loss = 2.8434857085812837e-05
best model so far; save to disk ...
epoch 3: loss = nan
epoch 3: val loss = 0.0
best model so far; save to disk ...
epoch 4: loss = nan
epoch 4: val loss = 0.0
best model so far; save to disk ...
epoch 5: loss = nan
epoch 5: val loss = 0.0
best model so far; save to disk ...
epoch 6: loss = nan
epoch 6: val loss = 0.0
best model so far; save to disk ...
epoch 7: loss = nan
epoch 7: val loss = 0.0
best model so far; save to disk ...
epoch 8: loss = nan
epoch 8: val loss = 0.0
best model so far; save to disk ...
epoch 9: loss = nan
epoch 9: val loss = 0.0
best model so far; save to disk ...
srun: Job step aborted: Waiting up to 32 seconds for job step to finish.
slurmstepd: error: *** JOB 7738157 ON r32n4 CANCELLED AT 2021-06-08T14:28:23 ***
