drwx------             10 2021/06/23 12:18:26 .
srun: Job 7781647 step creation temporarily disabled, retrying (Requested nodes are busy)
srun: Job 7781647 step creation still disabled, retrying (Requested nodes are busy)
srun: Job 7781647 step creation still disabled, retrying (Requested nodes are busy)
srun: Job 7781647 step creation still disabled, retrying (Requested nodes are busy)
srun: Job 7781647 step creation still disabled, retrying (Requested nodes are busy)
srun: Job 7781647 step creation still disabled, retrying (Requested nodes are busy)
srun: Job 7781647 step creation still disabled, retrying (Requested nodes are busy)
srun: Job 7781647 step creation still disabled, retrying (Requested nodes are busy)
srun: Job 7781647 step creation still disabled, retrying (Requested nodes are busy)
srun: Job 7781647 step creation still disabled, retrying (Requested nodes are busy)
srun: Job 7781647 step creation still disabled, retrying (Requested nodes are busy)
srun: Job 7781647 step creation still disabled, retrying (Requested nodes are busy)
srun: Job 7781647 step creation still disabled, retrying (Requested nodes are busy)
srun: Job 7781647 step creation still disabled, retrying (Requested nodes are busy)
srun: Job 7781647 step creation still disabled, retrying (Requested nodes are busy)
srun: Job 7781647 step creation still disabled, retrying (Requested nodes are busy)
srun: Job 7781647 step creation still disabled, retrying (Requested nodes are busy)
srun: Job 7781647 step creation still disabled, retrying (Requested nodes are busy)
srun: Job 7781647 step creation still disabled, retrying (Requested nodes are busy)
srun: Job 7781647 step creation still disabled, retrying (Requested nodes are busy)
srun: Job 7781647 step creation still disabled, retrying (Requested nodes are busy)
srun: Job 7781647 step creation still disabled, retrying (Requested nodes are busy)
srun: Job 7781647 step creation still disabled, retrying (Requested nodes are busy)
srun: Job 7781647 step creation still disabled, retrying (Requested nodes are busy)
srun: error: Unable to create step for job 7781647: Job/step already completing or completed
srun: Job 7781647 step creation temporarily disabled, retrying (Requested nodes are busy)
srun: Job 7781647 step creation still disabled, retrying (Requested nodes are busy)
srun: Job 7781647 step creation still disabled, retrying (Requested nodes are busy)
srun: Job 7781647 step creation still disabled, retrying (Requested nodes are busy)
srun: Job 7781647 step creation still disabled, retrying (Requested nodes are busy)
srun: Job 7781647 step creation still disabled, retrying (Requested nodes are busy)
srun: Job 7781647 step creation still disabled, retrying (Requested nodes are busy)
srun: Job 7781647 step creation still disabled, retrying (Requested nodes are busy)
srun: Job 7781647 step creation still disabled, retrying (Requested nodes are busy)
srun: Job 7781647 step creation still disabled, retrying (Requested nodes are busy)
srun: Job 7781647 step creation still disabled, retrying (Requested nodes are busy)
srun: Job 7781647 step creation still disabled, retrying (Requested nodes are busy)
srun: Job 7781647 step creation still disabled, retrying (Requested nodes are busy)
srun: Job 7781647 step creation still disabled, retrying (Requested nodes are busy)
srun: Job 7781647 step creation still disabled, retrying (Requested nodes are busy)
srun: Job 7781647 step creation still disabled, retrying (Requested nodes are busy)
srun: Job 7781647 step creation still disabled, retrying (Requested nodes are busy)
srun: Job 7781647 step creation still disabled, retrying (Requested nodes are busy)
srun: Job 7781647 step creation still disabled, retrying (Requested nodes are busy)
srun: Job 7781647 step creation still disabled, retrying (Requested nodes are busy)
srun: Job 7781647 step creation still disabled, retrying (Requested nodes are busy)
srun: Job 7781647 step creation still disabled, retrying (Requested nodes are busy)
srun: Job 7781647 step creation still disabled, retrying (Requested nodes are busy)
srun: Job 7781647 step creation still disabled, retrying (Requested nodes are busy)
srun: Job 7781647 step creation still disabled, retrying (Requested nodes are busy)
srun: error: Unable to create step for job 7781647: Job/step already completing or completed
srun: Job 7781647 step creation temporarily disabled, retrying (Requested nodes are busy)
srun: Job 7781647 step creation still disabled, retrying (Requested nodes are busy)
srun: Job 7781647 step creation still disabled, retrying (Requested nodes are busy)
srun: Job 7781647 step creation still disabled, retrying (Requested nodes are busy)
srun: Job 7781647 step creation still disabled, retrying (Requested nodes are busy)
srun: Job 7781647 step creation still disabled, retrying (Requested nodes are busy)
srun: Job 7781647 step creation still disabled, retrying (Requested nodes are busy)
srun: Job 7781647 step creation still disabled, retrying (Requested nodes are busy)
srun: Job 7781647 step creation still disabled, retrying (Requested nodes are busy)
srun: Job 7781647 step creation still disabled, retrying (Requested nodes are busy)
srun: Job 7781647 step creation still disabled, retrying (Requested nodes are busy)
srun: Job 7781647 step creation still disabled, retrying (Requested nodes are busy)
srun: Job 7781647 step creation still disabled, retrying (Requested nodes are busy)
srun: Job 7781647 step creation still disabled, retrying (Requested nodes are busy)
srun: Job 7781647 step creation still disabled, retrying (Requested nodes are busy)
srun: Job 7781647 step creation still disabled, retrying (Requested nodes are busy)
srun: Job 7781647 step creation still disabled, retrying (Requested nodes are busy)
srun: Job 7781647 step creation still disabled, retrying (Requested nodes are busy)
srun: Job 7781647 step creation still disabled, retrying (Requested nodes are busy)
srun: Job 7781647 step creation still disabled, retrying (Requested nodes are busy)
srun: Job 7781647 step creation still disabled, retrying (Requested nodes are busy)
srun: Job 7781647 step creation still disabled, retrying (Requested nodes are busy)
srun: Job 7781647 step creation still disabled, retrying (Requested nodes are busy)
srun: Job 7781647 step creation still disabled, retrying (Requested nodes are busy)
srun: error: Unable to create step for job 7781647: Job/step already completing or completed
slurmstepd: error: *** JOB 7781647 ON r31n4 CANCELLED AT 2021-06-23T13:09:41 ***
