normalize features
load year 2016
load year 2017
load training data
Processing...
/scratch/data/preprocessed/1H/none_dummy_radars=0_exclude=[]/radar/fall/2016
number of nans:  870
max bird measurement 9938497.9440479
Use other edge type
input col birds_km2
55990 870
birds_km2
bird scale = 293.01498
/home/flippert/.conda/envs/birds/lib/python3.9/site-packages/birds-0.1.0-py3.9.egg/birds/dataloader.py:509: RuntimeWarning: invalid value encountered in true_divide
  edge_weights = np.exp(-np.square(distances) / np.square(np.std(distances)))
number of sequences = 104
discarded 0 sequences due to missing data
Done!
Processing...
/scratch/data/preprocessed/1H/none_dummy_radars=0_exclude=[]/radar/fall/2017
number of nans:  8169
max bird measurement 9580697.41157437
Use other edge type
input col birds_km2
55990 8169
birds_km2
bird scale = 293.01498
number of sequences = 81
discarded 23 sequences due to missing data
Done!
load val data
Processing...
/scratch/data/preprocessed/1H/none_dummy_radars=0_exclude=[]/radar/fall/2015
number of nans:  228
max bird measurement 12157881.069388226
Use other edge type
input col birds_km2
55990 228
birds_km2
bird scale = 293.01498
number of sequences = 104
discarded 0 sequences due to missing data
Done!
training set size = 185
loaded training data
----------------------------------------
hyperparameter settings: {'n_hidden': 64, 'n_lstm_layers': 1, 'dropout_p': 0.25, 'lr': 0.0001, 'lr_decay': 100, 'teacher_forcing_gamma': 0.95, 'predict_delta': True}
train model [trial 0]
['u', 'v', 'cc', 'tp', 'sp', 't2m', 'sshf']
model on GPU? True
[W python_anomaly_mode.cpp:104] Warning: Error detected in PowBackward0. Traceback of forward call that caused the error:
  File "/home/flippert/birdMigration/scripts/run.py", line 40, in <module>
    run()
  File "/home/flippert/.conda/envs/birds/lib/python3.9/site-packages/hydra/main.py", line 32, in decorated_main
    _run_hydra(
  File "/home/flippert/.conda/envs/birds/lib/python3.9/site-packages/hydra/_internal/utils.py", line 346, in _run_hydra
    run_and_report(
  File "/home/flippert/.conda/envs/birds/lib/python3.9/site-packages/hydra/_internal/utils.py", line 198, in run_and_report
    return func()
  File "/home/flippert/.conda/envs/birds/lib/python3.9/site-packages/hydra/_internal/utils.py", line 347, in <lambda>
    lambda: hydra.run(
  File "/home/flippert/.conda/envs/birds/lib/python3.9/site-packages/hydra/_internal/hydra.py", line 107, in run
    return run_job(
  File "/home/flippert/.conda/envs/birds/lib/python3.9/site-packages/hydra/core/utils.py", line 127, in run_job
    ret.return_value = task_function(task_cfg)
  File "/home/flippert/birdMigration/scripts/run.py", line 29, in run
    run_NNs.run(cfg, output_dir, log)
  File "/home/flippert/birdMigration/scripts/run_NNs.py", line 499, in run
    train(cfg, output_dir, log)
  File "/home/flippert/birdMigration/scripts/run_NNs.py", line 210, in train
    loss = train_dynamics(model, train_loader, optimizer, loss_func, device, teacher_forcing=tf,
  File "/home/flippert/.conda/envs/birds/lib/python3.9/site-packages/birds-0.1.0-py3.9.egg/birds/graphNN.py", line 3037, in train_dynamics
    loss = loss_func(output, gt, mask)
  File "/home/flippert/.conda/envs/birds/lib/python3.9/site-packages/birds-0.1.0-py3.9.egg/birds/utils.py", line 25, in MSE
    diff2 = torch.pow(diff, 2)
 (function _print_stack)
reached end. Flush and close log.
srun: error: r33n2: task 0: Segmentation fault
